TN:
SF:/home/runner/work/beaver/beaver/src/actions/BVPressureAction.C
FN:22,_ZN16BVPressureAction11validParamsEv
FN:36,_ZN16BVPressureActionC2ERK15InputParameters
FN:39,_ZN16BVPressureAction3actEv
FNDA:8,_ZN16BVPressureActionC2ERK15InputParameters
FNDA:10,_ZN16BVPressureAction11validParamsEv
FNDA:8,_ZN16BVPressureAction3actEv
FNF:3
FNH:3
DA:22,10
DA:24,10
DA:25,10
DA:26,20
DA:28,20
DA:31,20
DA:32,20
DA:33,10
DA:34,0
DA:36,8
DA:39,8
DA:41,8
DA:44,16
DA:47,30
DA:50,66
DA:52,22
DA:53,22
DA:54,22
DA:55,22
DA:56,22
DA:58,22
DA:59,22
DA:60,16
LF:23
LH:22
end_of_record
TN:
SF:/home/runner/work/beaver/beaver/src/actions/BVShearTractionAction.C
FN:22,_ZN21BVShearTractionAction11validParamsEv
FN:37,_ZN21BVShearTractionActionC2ERK15InputParameters
FN:40,_ZN21BVShearTractionAction3actEv
FNDA:4,_ZN21BVShearTractionAction11validParamsEv
FNDA:2,_ZN21BVShearTractionActionC2ERK15InputParameters
FNDA:2,_ZN21BVShearTractionAction3actEv
FNF:3
FNH:3
DA:22,4
DA:24,4
DA:25,4
DA:26,8
DA:29,8
DA:32,8
DA:33,8
DA:34,4
DA:35,0
DA:37,2
DA:40,2
DA:42,2
DA:45,4
DA:48,6
DA:51,12
DA:53,4
DA:54,4
DA:55,4
DA:56,4
DA:57,4
DA:59,4
DA:60,4
DA:61,4
LF:23
LH:22
end_of_record
TN:
SF:/home/runner/work/beaver/beaver/src/auxkernels/BVDarcyVelocityAux.C
FN:20,_ZN18BVDarcyVelocityAux11validParamsEv
FN:31,_ZN18BVDarcyVelocityAuxC2ERK15InputParameters
FN:44,_ZN18BVDarcyVelocityAux12computeValueEv
FNDA:41590,_ZN18BVDarcyVelocityAux12computeValueEv
FNDA:8,_ZN18BVDarcyVelocityAuxC2ERK15InputParameters
FNDA:148,_ZN18BVDarcyVelocityAux11validParamsEv
FNF:3
FNH:3
DA:20,148
DA:22,148
DA:23,148
DA:24,296
DA:25,296
DA:27,296
DA:28,148
DA:29,148
DA:31,8
DA:33,8
DA:34,16
DA:35,8
DA:36,8
DA:37,24
DA:39,8
DA:40,0
DA:41,8
DA:44,41590
DA:46,41590
DA:47,41590
DA:49,41590
LF:21
LH:20
end_of_record
TN:
SF:/home/runner/work/beaver/beaver/src/auxkernels/BVEqvStrainAux.C
FN:19,_ZN14BVEqvStrainAux11validParamsEv
FN:26,_ZN14BVEqvStrainAuxC2ERK15InputParameters
FN:32,_ZN14BVEqvStrainAux12computeValueEv
FNDA:2,_ZN14BVEqvStrainAuxC2ERK15InputParameters
FNDA:136,_ZN14BVEqvStrainAux11validParamsEv
FNDA:20480,_ZN14BVEqvStrainAux12computeValueEv
FNF:3
FNH:3
DA:19,136
DA:21,136
DA:22,136
DA:23,136
DA:24,0
DA:26,2
DA:27,2
DA:29,2
DA:32,20480
DA:34,20480
DA:35,20480
LF:11
LH:10
end_of_record
TN:
SF:/home/runner/work/beaver/beaver/src/auxkernels/BVEqvStrainRateAux.C
FN:19,_ZN18BVEqvStrainRateAux11validParamsEv
FN:26,_ZN18BVEqvStrainRateAuxC2ERK15InputParameters
FN:32,_ZN18BVEqvStrainRateAux12computeValueEv
FNDA:2,_ZN18BVEqvStrainRateAuxC2ERK15InputParameters
FNDA:20480,_ZN18BVEqvStrainRateAux12computeValueEv
FNDA:136,_ZN18BVEqvStrainRateAux11validParamsEv
FNF:3
FNH:3
DA:19,136
DA:21,136
DA:22,136
DA:23,136
DA:24,0
DA:26,2
DA:27,2
DA:29,2
DA:32,20480
DA:34,20480
DA:35,20480
LF:11
LH:10
end_of_record
TN:
SF:/home/runner/work/beaver/beaver/src/auxkernels/BVFaultNormalStressAux.C
FN:19,_ZN22BVFaultNormalStressAux11validParamsEv
FN:26,_ZN22BVFaultNormalStressAuxC2ERK15InputParameters
FN:32,_ZN22BVFaultNormalStressAux12computeValueEv
FNDA:3,_ZN22BVFaultNormalStressAuxC2ERK15InputParameters
FNDA:138,_ZN22BVFaultNormalStressAux11validParamsEv
FNDA:2992,_ZN22BVFaultNormalStressAux12computeValueEv
FNF:3
FNH:3
DA:19,138
DA:21,138
DA:22,138
DA:23,138
DA:24,0
DA:26,3
DA:27,3
DA:29,3
DA:32,2992
DA:34,2992
DA:35,2992
DA:37,2992
LF:12
LH:11
end_of_record
TN:
SF:/home/runner/work/beaver/beaver/src/auxkernels/BVFaultShearStressAux.C
FN:19,_ZN21BVFaultShearStressAux11validParamsEv
FN:26,_ZN21BVFaultShearStressAuxC2ERK15InputParameters
FN:32,_ZN21BVFaultShearStressAux12computeValueEv
FNDA:2992,_ZN21BVFaultShearStressAux12computeValueEv
FNDA:3,_ZN21BVFaultShearStressAuxC2ERK15InputParameters
FNDA:138,_ZN21BVFaultShearStressAux11validParamsEv
FNF:3
FNH:3
DA:19,138
DA:21,138
DA:22,138
DA:23,138
DA:24,0
DA:26,3
DA:27,3
DA:29,3
DA:32,2992
DA:34,2992
DA:35,2992
DA:36,5984
DA:37,2992
LF:13
LH:12
end_of_record
TN:
SF:/home/runner/work/beaver/beaver/src/auxkernels/BVFaultStressAuxBase.C
FN:18,_ZN20BVFaultStressAuxBase11validParamsEv
FN:26,_ZN20BVFaultStressAuxBaseC2ERK15InputParameters
FN:40,_ZN20BVFaultStressAuxBase19computeNormalVectorEv
FN:49,_ZN20BVFaultStressAuxBase20computeFaultTractionEv
FNDA:11968,_ZN20BVFaultStressAuxBase19computeNormalVectorEv
FNDA:6,_ZN20BVFaultStressAuxBaseC2ERK15InputParameters
FNDA:276,_ZN20BVFaultStressAuxBase11validParamsEv
FNDA:5984,_ZN20BVFaultStressAuxBase20computeFaultTractionEv
FNF:4
FNH:4
DA:18,276
DA:20,276
DA:21,276
DA:22,552
DA:23,276
DA:24,0
DA:26,6
DA:27,6
DA:29,18
DA:31,4
DA:32,2
DA:33,0
DA:35,12
DA:36,0
DA:37,6
DA:40,11968
DA:42,11968
DA:43,3200
DA:45,8768
DA:49,5984
DA:51,5984
DA:53,5984
LF:22
LH:19
end_of_record
TN:
SF:/home/runner/work/beaver/beaver/src/auxkernels/BVMisesStressAux.C
FN:19,_ZN16BVMisesStressAux11validParamsEv
FN:26,_ZN16BVMisesStressAuxC2ERK15InputParameters
FN:31,_ZN16BVMisesStressAux12computeValueEv
FNDA:140,_ZN16BVMisesStressAux11validParamsEv
FNDA:4,_ZN16BVMisesStressAuxC2ERK15InputParameters
FNDA:24352,_ZN16BVMisesStressAux12computeValueEv
FNF:3
FNH:3
DA:19,140
DA:21,140
DA:22,140
DA:23,140
DA:24,0
DA:26,4
DA:28,4
DA:31,24352
DA:33,24352
DA:34,24352
LF:10
LH:9
end_of_record
TN:
SF:/home/runner/work/beaver/beaver/src/auxkernels/BVPressureAux.C
FN:19,_ZN13BVPressureAux11validParamsEv
FN:26,_ZN13BVPressureAuxC2ERK15InputParameters
FN:29,_ZN13BVPressureAux12computeValueEv
FNDA:136,_ZN13BVPressureAux11validParamsEv
FNDA:2,_ZN13BVPressureAuxC2ERK15InputParameters
FNDA:3872,_ZN13BVPressureAux12computeValueEv
FNF:3
FNH:3
DA:19,136
DA:21,136
DA:22,136
DA:23,136
DA:24,0
DA:26,2
DA:29,3872
DA:31,3872
LF:8
LH:7
end_of_record
TN:
SF:/home/runner/work/beaver/beaver/src/auxkernels/BVStrainAuxBase.C
FN:17,_ZN15BVStrainAuxBase11validParamsEv
FN:24,_ZN15BVStrainAuxBaseC2ERK15InputParameters
FNDA:14,_ZN15BVStrainAuxBaseC2ERK15InputParameters
FNDA:424,_ZN15BVStrainAuxBase11validParamsEv
FNF:2
FNH:2
DA:17,424
DA:19,424
DA:20,424
DA:21,424
DA:22,0
DA:24,14
DA:26,28
DA:28,14
LF:8
LH:7
end_of_record
TN:
SF:/home/runner/work/beaver/beaver/src/auxkernels/BVStrainComponentAux.C
FN:19,_ZN20BVStrainComponentAux11validParamsEv
FN:31,_ZN20BVStrainComponentAuxC2ERK15InputParameters
FN:40,_ZN20BVStrainComponentAux12computeValueEv
FNDA:152,_ZN20BVStrainComponentAux11validParamsEv
FNDA:61982,_ZN20BVStrainComponentAux12computeValueEv
FNDA:10,_ZN20BVStrainComponentAuxC2ERK15InputParameters
FNF:3
FNH:3
DA:19,152
DA:21,152
DA:22,152
DA:23,304
DA:24,304
DA:26,304
DA:28,152
DA:29,152
DA:31,10
DA:33,20
DA:34,20
DA:35,30
DA:37,10
DA:40,61982
DA:42,61982
LF:15
LH:15
end_of_record
TN:
SF:/home/runner/work/beaver/beaver/src/auxkernels/BVStressAuxBase.C
FN:17,_ZN15BVStressAuxBase11validParamsEv
FN:24,_ZN15BVStressAuxBaseC2ERK15InputParameters
FNDA:25,_ZN15BVStressAuxBaseC2ERK15InputParameters
FNDA:710,_ZN15BVStressAuxBase11validParamsEv
FNF:2
FNH:2
DA:17,710
DA:19,710
DA:20,710
DA:21,710
DA:22,0
DA:24,25
DA:25,50
DA:27,25
LF:8
LH:7
end_of_record
TN:
SF:/home/runner/work/beaver/beaver/src/auxkernels/BVStressComponentAux.C
FN:19,_ZN20BVStressComponentAux11validParamsEv
FN:31,_ZN20BVStressComponentAuxC2ERK15InputParameters
FN:39,_ZN20BVStressComponentAux12computeValueEv
FNDA:158,_ZN20BVStressComponentAux11validParamsEv
FNDA:53322,_ZN20BVStressComponentAux12computeValueEv
FNDA:13,_ZN20BVStressComponentAuxC2ERK15InputParameters
FNF:3
FNH:3
DA:19,158
DA:21,158
DA:22,158
DA:23,316
DA:24,316
DA:26,316
DA:28,158
DA:29,158
DA:31,13
DA:33,13
DA:34,39
DA:36,13
DA:39,53322
DA:41,53322
LF:14
LH:14
end_of_record
TN:
SF:/home/runner/work/beaver/beaver/src/base/BeaverApp.C
FN:21,_ZN9BeaverApp11validParamsEv
FN:31,_ZN9BeaverAppC2E15InputParameters
FN:36,_ZN9BeaverAppD0Ev
FN:36,_ZN9BeaverAppD2Ev
FN:39,_ZN9BeaverApp11registerAllER7FactoryR13ActionFactoryR6Syntax
FN:53,_ZN9BeaverApp12registerAppsEv
FN:62,BeaverApp__registerAll
FN:67,BeaverApp__registerApps
FNDA:0,_ZN9BeaverAppD0Ev
FNDA:0,_ZN9BeaverAppC2E15InputParameters
FNDA:26,_ZN9BeaverApp11registerAllER7FactoryR13ActionFactoryR6Syntax
FNDA:0,BeaverApp__registerApps
FNDA:0,_ZN9BeaverApp12registerAppsEv
FNDA:0,_ZN9BeaverAppD2Ev
FNDA:0,BeaverApp__registerAll
FNDA:26,_ZN9BeaverApp11validParamsEv
FNF:8
FNH:2
DA:21,26
DA:23,26
DA:26,26
DA:27,26
DA:28,26
DA:29,0
DA:31,0
DA:33,0
DA:34,0
DA:36,0
DA:39,26
DA:42,78
DA:43,78
DA:46,52
DA:47,52
DA:48,52
DA:49,52
DA:50,104
DA:53,0
DA:55,0
DA:56,0
DA:62,0
DA:64,0
DA:65,0
DA:67,0
DA:69,0
DA:70,0
LF:27
LH:13
end_of_record
TN:
SF:/home/runner/work/beaver/beaver/src/bcs/BVPressureBC.C
FN:20,_ZN12BVPressureBC11validParamsEv
FN:31,_ZN12BVPressureBCC2ERK15InputParameters
FN:42,_ZN12BVPressureBC17computeQpResidualEv
FNDA:363456,_ZN12BVPressureBC17computeQpResidualEv
FNDA:22,_ZN12BVPressureBCC2ERK15InputParameters
FNDA:176,_ZN12BVPressureBC11validParamsEv
FNF:3
FNH:3
DA:20,176
DA:22,176
DA:23,176
DA:24,352
DA:25,352
DA:26,352
DA:27,176
DA:28,176
DA:29,0
DA:31,22
DA:33,22
DA:34,44
DA:35,66
DA:37,22
DA:38,0
DA:39,22
DA:42,363456
DA:44,363456
DA:46,363456
DA:47,0
DA:49,363456
LF:21
LH:18
end_of_record
TN:
SF:/home/runner/work/beaver/beaver/src/bcs/BVShearTractionBC.C
FN:20,_ZN17BVShearTractionBC11validParamsEv
FN:31,_ZN17BVShearTractionBCC2ERK15InputParameters
FN:42,_ZN17BVShearTractionBC17computeQpResidualEv
FNDA:960,_ZN17BVShearTractionBC17computeQpResidualEv
FNDA:140,_ZN17BVShearTractionBC11validParamsEv
FNDA:4,_ZN17BVShearTractionBCC2ERK15InputParameters
FNF:3
FNH:3
DA:20,140
DA:22,140
DA:23,140
DA:24,280
DA:25,280
DA:26,280
DA:27,140
DA:28,140
DA:29,0
DA:31,4
DA:33,4
DA:34,8
DA:35,12
DA:37,4
DA:38,0
DA:39,4
DA:42,960
DA:45,960
DA:47,960
DA:49,960
DA:50,0
DA:52,960
LF:22
LH:19
end_of_record
TN:
SF:/home/runner/work/beaver/beaver/src/fvkernels/BVFVFluxKernelBase.C
FN:17,_ZN18BVFVFluxKernelBase11validParamsEv
FN:24,_ZN18BVFVFluxKernelBaseC2ERK15InputParameters
FN:27,_ZNK18BVFVFluxKernelBase16transmissibilityERKN11MetaPhysicL10DualNumberIdNS0_28SemiDynamicSparseNumberArrayIdmNS0_8NWrapperILm64EEEEELb1EEES8_
FN:51,_ZNK18BVFVFluxKernelBase13diffusiveFluxERKN11MetaPhysicL10DualNumberIdNS0_28SemiDynamicSparseNumberArrayIdmNS0_8NWrapperILm64EEEEELb1EEES8_RK15MooseVariableFVIdE
FN:64,_ZNK18BVFVFluxKernelBase21advectiveFluxVariableERKN7libMesh11VectorValueIN11MetaPhysicL10DualNumberIdNS2_28SemiDynamicSparseNumberArrayIdmNS2_8NWrapperILm64EEEEELb1EEEEE
FN:78,_ZNK18BVFVFluxKernelBase21advectiveFluxMaterialERKN11MetaPhysicL10DualNumberIdNS0_28SemiDynamicSparseNumberArrayIdmNS0_8NWrapperILm64EEEEELb1EEES8_RKN7libMesh11VectorValueIS6_EE
FNDA:21614,_ZNK18BVFVFluxKernelBase16transmissibilityERKN11MetaPhysicL10DualNumberIdNS0_28SemiDynamicSparseNumberArrayIdmNS0_8NWrapperILm64EEEEELb1EEES8_
FNDA:0,_ZNK18BVFVFluxKernelBase21advectiveFluxMaterialERKN11MetaPhysicL10DualNumberIdNS0_28SemiDynamicSparseNumberArrayIdmNS0_8NWrapperILm64EEEEELb1EEES8_RKN7libMesh11VectorValueIS6_EE
FNDA:534,_ZN18BVFVFluxKernelBase11validParamsEv
FNDA:21614,_ZNK18BVFVFluxKernelBase13diffusiveFluxERKN11MetaPhysicL10DualNumberIdNS0_28SemiDynamicSparseNumberArrayIdmNS0_8NWrapperILm64EEEEELb1EEES8_RK15MooseVariableFVIdE
FNDA:0,_ZNK18BVFVFluxKernelBase21advectiveFluxVariableERKN7libMesh11VectorValueIN11MetaPhysicL10DualNumberIdNS2_28SemiDynamicSparseNumberArrayIdmNS2_8NWrapperILm64EEEEELb1EEEEE
FNDA:3,_ZN18BVFVFluxKernelBaseC2ERK15InputParameters
FNF:6
FNH:4
DA:17,534
DA:19,534
DA:20,534
DA:21,534
DA:22,0
DA:24,3
DA:27,21614
DA:33,21614
DA:34,468
DA:40,21146
DA:41,0
DA:43,21146
DA:44,21146
DA:47,21614
DA:51,21614
DA:55,21614
DA:57,43228
DA:58,21614
DA:60,21614
DA:64,0
DA:66,0
DA:68,0
DA:71,0
DA:72,0
DA:74,0
DA:78,0
DA:84,0
DA:85,0
DA:87,0
DA:92,0
DA:93,0
DA:95,0
LF:32
LH:17
end_of_record
TN:
SF:/home/runner/work/beaver/beaver/src/fvkernels/BVFVMultiPhasePressureDarcy.C
FN:19,_ZN27BVFVMultiPhasePressureDarcy11validParamsEv
FN:28,_ZN27BVFVMultiPhasePressureDarcyC2ERK15InputParameters
FN:39,_ZN27BVFVMultiPhasePressureDarcy17computeQpResidualEv
FNDA:0,_ZN27BVFVMultiPhasePressureDarcyC2ERK15InputParameters
FNDA:132,_ZN27BVFVMultiPhasePressureDarcy11validParamsEv
FNDA:0,_ZN27BVFVMultiPhasePressureDarcy17computeQpResidualEv
FNF:3
FNH:1
DA:19,132
DA:21,132
DA:22,132
DA:24,132
DA:25,132
DA:26,0
DA:28,0
DA:30,0
DA:31,0
DA:33,0
DA:34,0
DA:35,0
DA:36,0
DA:39,0
DA:42,0
DA:44,0
LF:16
LH:5
end_of_record
TN:
SF:/home/runner/work/beaver/beaver/src/fvkernels/BVFVMultiPhasePressureTimeDerivative.C
FN:19,_ZN36BVFVMultiPhasePressureTimeDerivative11validParamsEv
FN:28,_ZN36BVFVMultiPhasePressureTimeDerivativeC2ERK15InputParameters
FN:41,_ZN36BVFVMultiPhasePressureTimeDerivative17computeQpResidualEv
FNDA:132,_ZN36BVFVMultiPhasePressureTimeDerivative11validParamsEv
FNDA:0,_ZN36BVFVMultiPhasePressureTimeDerivativeC2ERK15InputParameters
FNDA:0,_ZN36BVFVMultiPhasePressureTimeDerivative17computeQpResidualEv
FNF:3
FNH:1
DA:19,132
DA:21,132
DA:22,132
DA:23,264
DA:24,264
DA:25,132
DA:26,0
DA:28,0
DA:30,0
DA:31,0
DA:32,0
DA:33,0
DA:34,0
DA:35,0
DA:36,0
DA:38,0
DA:41,0
DA:43,0
DA:44,0
DA:45,0
DA:46,0
LF:21
LH:6
end_of_record
TN:
SF:/home/runner/work/beaver/beaver/src/fvkernels/BVFVMultiPhaseSaturationDarcy.C
FN:19,_ZN29BVFVMultiPhaseSaturationDarcy11validParamsEv
FN:30,_ZN29BVFVMultiPhaseSaturationDarcyC2ERK15InputParameters
FN:49,_ZN29BVFVMultiPhaseSaturationDarcy17computeQpResidualEv
FNDA:132,_ZN29BVFVMultiPhaseSaturationDarcy11validParamsEv
FNDA:0,_ZN29BVFVMultiPhaseSaturationDarcy17computeQpResidualEv
FNDA:0,_ZN29BVFVMultiPhaseSaturationDarcyC2ERK15InputParameters
FNF:3
FNH:1
DA:19,132
DA:21,132
DA:22,132
DA:23,264
DA:24,264
DA:26,264
DA:27,132
DA:28,132
DA:30,0
DA:32,0
DA:33,0
DA:34,0
DA:35,0
DA:36,0
DA:37,0
DA:38,0
DA:39,0
DA:40,0
DA:41,0
DA:43,0
DA:44,0
DA:45,0
DA:46,0
DA:49,0
DA:52,0
DA:56,0
DA:58,0
DA:59,0
DA:60,0
DA:61,0
DA:62,0
DA:63,0
DA:64,0
DA:65,0
DA:69,0
DA:71,0
LF:36
LH:8
end_of_record
TN:
SF:/home/runner/work/beaver/beaver/src/fvkernels/BVFVMultiPhaseSaturationTimeDerivative.C
FN:19,_ZN38BVFVMultiPhaseSaturationTimeDerivative11validParamsEv
FN:29,_ZN38BVFVMultiPhaseSaturationTimeDerivativeC2ERK15InputParameters
FN:40,_ZN38BVFVMultiPhaseSaturationTimeDerivative9phase_extB5cxx11Ev
FN:54,_ZN38BVFVMultiPhaseSaturationTimeDerivative17computeQpResidualEv
FNDA:0,_ZN38BVFVMultiPhaseSaturationTimeDerivativeC2ERK15InputParameters
FNDA:132,_ZN38BVFVMultiPhaseSaturationTimeDerivative11validParamsEv
FNDA:0,_ZN38BVFVMultiPhaseSaturationTimeDerivative17computeQpResidualEv
FNDA:0,_ZN38BVFVMultiPhaseSaturationTimeDerivative9phase_extB5cxx11Ev
FNF:4
FNH:1
DA:19,132
DA:21,132
DA:22,132
DA:23,264
DA:24,264
DA:26,132
DA:27,132
DA:29,0
DA:31,0
DA:32,0
DA:33,0
DA:34,0
DA:35,0
DA:37,0
DA:40,0
DA:42,0
DA:45,0
DA:47,0
DA:48,0
DA:49,0
DA:54,0
DA:56,0
DA:57,0
LF:23
LH:7
end_of_record
TN:
SF:/home/runner/work/beaver/beaver/src/fvkernels/BVFVSinglePhaseDarcy.C
FN:19,_ZN20BVFVSinglePhaseDarcy11validParamsEv
FN:28,_ZN20BVFVSinglePhaseDarcyC2ERK15InputParameters
FN:39,_ZN20BVFVSinglePhaseDarcy17computeQpResidualEv
FNDA:21614,_ZN20BVFVSinglePhaseDarcy17computeQpResidualEv
FNDA:3,_ZN20BVFVSinglePhaseDarcyC2ERK15InputParameters
FNDA:138,_ZN20BVFVSinglePhaseDarcy11validParamsEv
FNF:3
FNH:3
DA:19,138
DA:21,138
DA:22,138
DA:24,138
DA:25,138
DA:26,0
DA:28,3
DA:30,3
DA:31,9
DA:33,3
DA:34,0
DA:35,0
DA:36,3
DA:39,21614
DA:42,21614
DA:43,21614
LF:16
LH:13
end_of_record
TN:
SF:/home/runner/work/beaver/beaver/src/fvkernels/BVFVSinglePhaseSoluteDarcy.C
FN:19,_ZN26BVFVSinglePhaseSoluteDarcy11validParamsEv
FN:28,_ZN26BVFVSinglePhaseSoluteDarcyC2ERK15InputParameters
FN:39,_ZN26BVFVSinglePhaseSoluteDarcy17computeQpResidualEv
FNDA:0,_ZN26BVFVSinglePhaseSoluteDarcyC2ERK15InputParameters
FNDA:132,_ZN26BVFVSinglePhaseSoluteDarcy11validParamsEv
FNDA:0,_ZN26BVFVSinglePhaseSoluteDarcy17computeQpResidualEv
FNF:3
FNH:1
DA:19,132
DA:21,132
DA:22,132
DA:24,264
DA:25,132
DA:26,0
DA:28,0
DA:30,0
DA:31,0
DA:32,0
DA:33,0
DA:34,0
DA:36,0
DA:39,0
DA:43,0
DA:46,0
DA:49,0
DA:51,0
LF:18
LH:5
end_of_record
TN:
SF:/home/runner/work/beaver/beaver/src/fvkernels/BVFVSinglePhaseSoluteTimeDerivative.C
FN:19,_ZN35BVFVSinglePhaseSoluteTimeDerivative11validParamsEv
FN:27,_ZN35BVFVSinglePhaseSoluteTimeDerivativeC2ERK15InputParameters
FN:34,_ZN35BVFVSinglePhaseSoluteTimeDerivative17computeQpResidualEv
FNDA:0,_ZN35BVFVSinglePhaseSoluteTimeDerivativeC2ERK15InputParameters
FNDA:132,_ZN35BVFVSinglePhaseSoluteTimeDerivative11validParamsEv
FNDA:0,_ZN35BVFVSinglePhaseSoluteTimeDerivative17computeQpResidualEv
FNF:3
FNH:1
DA:19,132
DA:21,132
DA:22,132
DA:24,132
DA:25,0
DA:27,0
DA:28,0
DA:29,0
DA:31,0
DA:34,0
DA:36,0
LF:11
LH:4
end_of_record
TN:
SF:/home/runner/work/beaver/beaver/src/fvkernels/BVFVSinglePhaseTimeDerivative.C
FN:19,_ZN29BVFVSinglePhaseTimeDerivative11validParamsEv
FN:26,_ZN29BVFVSinglePhaseTimeDerivativeC2ERK15InputParameters
FN:38,_ZN29BVFVSinglePhaseTimeDerivative17computeQpResidualEv
FNDA:1550,_ZN29BVFVSinglePhaseTimeDerivative17computeQpResidualEv
FNDA:1,_ZN29BVFVSinglePhaseTimeDerivativeC2ERK15InputParameters
FNDA:134,_ZN29BVFVSinglePhaseTimeDerivative11validParamsEv
FNF:3
FNH:3
DA:19,134
DA:21,134
DA:22,134
DA:23,134
DA:24,0
DA:26,1
DA:28,1
DA:29,2
DA:30,2
DA:31,1
DA:32,1
DA:33,2
DA:35,1
DA:38,1550
DA:41,1550
DA:44,1550
DA:45,0
DA:47,1550
LF:18
LH:16
end_of_record
TN:
SF:/home/runner/work/beaver/beaver/src/interfacekernels/BVMechanicalInterface.C
FN:19,_ZN21BVMechanicalInterface11validParamsEv
FN:32,_ZN21BVMechanicalInterfaceC2ERK15InputParameters
FN:40,_ZN21BVMechanicalInterface17computeQpResidualEN5Moose14DGResidualTypeE
FNDA:152,_ZN21BVMechanicalInterface11validParamsEv
FNDA:1003776,_ZN21BVMechanicalInterface17computeQpResidualEN5Moose14DGResidualTypeE
FNDA:10,_ZN21BVMechanicalInterfaceC2ERK15InputParameters
FNF:3
FNH:3
DA:19,152
DA:21,152
DA:22,152
DA:23,152
DA:24,304
DA:25,304
DA:29,152
DA:30,152
DA:32,10
DA:34,10
DA:35,30
DA:37,10
DA:40,1003776
DA:42,1003776
DA:44,1003776
DA:47,501888
DA:48,501888
DA:49,501888
DA:50,501888
DA:51,501888
DA:55,1003776
LF:21
LH:21
end_of_record
TN:
SF:/home/runner/work/beaver/beaver/src/kernels/BVSinglePhaseDarcy.C
FN:19,_ZN18BVSinglePhaseDarcy11validParamsEv
FN:27,_ZN18BVSinglePhaseDarcyC2ERK15InputParameters
FN:33,_ZN18BVSinglePhaseDarcy20precomputeQpResidualEv
FNDA:5,_ZN18BVSinglePhaseDarcyC2ERK15InputParameters
FNDA:402464,_ZN18BVSinglePhaseDarcy20precomputeQpResidualEv
FNDA:142,_ZN18BVSinglePhaseDarcy11validParamsEv
FNF:3
FNH:3
DA:19,142
DA:21,142
DA:22,142
DA:24,142
DA:25,0
DA:27,5
DA:28,10
DA:30,5
DA:33,402464
DA:35,402464
LF:10
LH:9
end_of_record
TN:
SF:/home/runner/work/beaver/beaver/src/kernels/BVSinglePhaseTimeDerivative.C
FN:19,_ZN27BVSinglePhaseTimeDerivative11validParamsEv
FN:26,_ZN27BVSinglePhaseTimeDerivativeC2ERK15InputParameters
FN:38,_ZN27BVSinglePhaseTimeDerivative20precomputeQpResidualEv
FNDA:138,_ZN27BVSinglePhaseTimeDerivative11validParamsEv
FNDA:3,_ZN27BVSinglePhaseTimeDerivativeC2ERK15InputParameters
FNDA:341984,_ZN27BVSinglePhaseTimeDerivative20precomputeQpResidualEv
FNF:3
FNH:3
DA:19,138
DA:21,138
DA:22,138
DA:23,138
DA:24,0
DA:26,3
DA:28,3
DA:29,6
DA:30,6
DA:31,3
DA:32,5
DA:33,8
DA:35,3
DA:38,341984
DA:41,341984
DA:44,341984
DA:45,520768
DA:47,341984
LF:18
LH:17
end_of_record
TN:
SF:/home/runner/work/beaver/beaver/src/kernels/BVStressDivergence.C
FN:19,_ZN18BVStressDivergence11validParamsEv
FN:36,_ZN18BVStressDivergenceC2ERK15InputParameters
FN:49,_ZN18BVStressDivergence17computeQpResidualEv
FNDA:218,_ZN18BVStressDivergence11validParamsEv
FNDA:43,_ZN18BVStressDivergenceC2ERK15InputParameters
FNDA:10675464,_ZN18BVStressDivergence17computeQpResidualEv
FNF:3
FNH:3
DA:19,218
DA:21,218
DA:22,218
DA:23,436
DA:24,218
DA:25,436
DA:26,436
DA:33,218
DA:34,218
DA:36,43
DA:38,43
DA:39,43
DA:40,86
DA:43,86
DA:44,90
DA:46,43
DA:49,10675464
DA:53,10675464
DA:54,10675464
DA:55,4166144
DA:57,10675464
LF:21
LH:21
end_of_record
TN:
SF:/home/runner/work/beaver/beaver/src/main.C
FN:18,main
FNDA:26,main
FNF:1
FNH:1
DA:18,26
DA:20,26
LF:2
LH:2
end_of_record
TN:
SF:/home/runner/work/beaver/beaver/src/materials/BVBurgerModelUpdate.C
FN:19,_ZN19BVBurgerModelUpdate11validParamsEv
FN:30,_ZN19BVBurgerModelUpdateC2ERK15InputParameters
FN:42,_ZN19BVBurgerModelUpdate24initQpStatefulPropertiesEv
FN:48,_ZN19BVBurgerModelUpdate9creepRateERKSt6vectorIN11MetaPhysicL10DualNumberIdNS1_28SemiDynamicSparseNumberArrayIdmNS1_8NWrapperILm64EEEEELb1EEESaIS7_EEj
FN:59,_ZN19BVBurgerModelUpdate16creepRateMaxwellERKSt6vectorIN11MetaPhysicL10DualNumberIdNS1_28SemiDynamicSparseNumberArrayIdmNS1_8NWrapperILm64EEEEELb1EEESaIS7_EE
FN:67,_ZN19BVBurgerModelUpdate15creepRateKelvinERKSt6vectorIN11MetaPhysicL10DualNumberIdNS1_28SemiDynamicSparseNumberArrayIdmNS1_8NWrapperILm64EEEEELb1EEESaIS7_EE
FN:75,_ZN19BVBurgerModelUpdate19creepRateDerivativeERKSt6vectorIN11MetaPhysicL10DualNumberIdNS1_28SemiDynamicSparseNumberArrayIdmNS1_8NWrapperILm64EEEEELb1EEESaIS7_EEjj
FN:89,_ZN19BVBurgerModelUpdate26creepRateMaxwellDerivativeERKSt6vectorIN11MetaPhysicL10DualNumberIdNS1_28SemiDynamicSparseNumberArrayIdmNS1_8NWrapperILm64EEEEELb1EEESaIS7_EEj
FN:98,_ZN19BVBurgerModelUpdate25creepRateKelvinDerivativeERKSt6vectorIN11MetaPhysicL10DualNumberIdNS1_28SemiDynamicSparseNumberArrayIdmNS1_8NWrapperILm64EEEEELb1EEESaIS7_EEj
FN:120,_ZN19BVBurgerModelUpdate16viscosityMaxwellERKSt6vectorIN11MetaPhysicL10DualNumberIdNS1_28SemiDynamicSparseNumberArrayIdmNS1_8NWrapperILm64EEEEELb1EEESaIS7_EE
FN:126,_ZN19BVBurgerModelUpdate15viscosityKelvinERKSt6vectorIN11MetaPhysicL10DualNumberIdNS1_28SemiDynamicSparseNumberArrayIdmNS1_8NWrapperILm64EEEEELb1EEESaIS7_EE
FN:132,_ZN19BVBurgerModelUpdate26viscosityMaxwellDerivativeERKSt6vectorIN11MetaPhysicL10DualNumberIdNS1_28SemiDynamicSparseNumberArrayIdmNS1_8NWrapperILm64EEEEELb1EEESaIS7_EEj
FN:139,_ZN19BVBurgerModelUpdate25viscosityKelvinDerivativeERKSt6vectorIN11MetaPhysicL10DualNumberIdNS1_28SemiDynamicSparseNumberArrayIdmNS1_8NWrapperILm64EEEEELb1EEESaIS7_EEj
FN:146,_ZN19BVBurgerModelUpdate18shearModulusKelvinERKSt6vectorIN11MetaPhysicL10DualNumberIdNS1_28SemiDynamicSparseNumberArrayIdmNS1_8NWrapperILm64EEEEELb1EEESaIS7_EE
FN:152,_ZN19BVBurgerModelUpdate28shearModulusKelvinDerivativeERKSt6vectorIN11MetaPhysicL10DualNumberIdNS1_28SemiDynamicSparseNumberArrayIdmNS1_8NWrapperILm64EEEEELb1EEESaIS7_EEj
FN:159,_ZN19BVBurgerModelUpdate17kelvinCreepStrainERKSt6vectorIN11MetaPhysicL10DualNumberIdNS1_28SemiDynamicSparseNumberArrayIdmNS1_8NWrapperILm64EEEEELb1EEESaIS7_EE
FN:165,_ZN19BVBurgerModelUpdate12preReturnMapEv
FN:171,_ZN19BVBurgerModelUpdate13postReturnMapERKSt6vectorIN11MetaPhysicL10DualNumberIdNS1_28SemiDynamicSparseNumberArrayIdmNS1_8NWrapperILm64EEEEELb1EEESaIS7_EE
FNDA:4608,_ZN19BVBurgerModelUpdate24initQpStatefulPropertiesEv
FNDA:1298688,_ZN19BVBurgerModelUpdate16creepRateMaxwellERKSt6vectorIN11MetaPhysicL10DualNumberIdNS1_28SemiDynamicSparseNumberArrayIdmNS1_8NWrapperILm64EEEEELb1EEESaIS7_EE
FNDA:6,_ZN19BVBurgerModelUpdateC2ERK15InputParameters
FNDA:2597376,_ZN19BVBurgerModelUpdate26creepRateMaxwellDerivativeERKSt6vectorIN11MetaPhysicL10DualNumberIdNS1_28SemiDynamicSparseNumberArrayIdmNS1_8NWrapperILm64EEEEELb1EEESaIS7_EEj
FNDA:271360,_ZN19BVBurgerModelUpdate18shearModulusKelvinERKSt6vectorIN11MetaPhysicL10DualNumberIdNS1_28SemiDynamicSparseNumberArrayIdmNS1_8NWrapperILm64EEEEELb1EEESaIS7_EE
FNDA:1298688,_ZN19BVBurgerModelUpdate15creepRateKelvinERKSt6vectorIN11MetaPhysicL10DualNumberIdNS1_28SemiDynamicSparseNumberArrayIdmNS1_8NWrapperILm64EEEEELb1EEESaIS7_EE
FNDA:2597376,_ZN19BVBurgerModelUpdate9creepRateERKSt6vectorIN11MetaPhysicL10DualNumberIdNS1_28SemiDynamicSparseNumberArrayIdmNS1_8NWrapperILm64EEEEELb1EEESaIS7_EEj
FNDA:5194752,_ZN19BVBurgerModelUpdate19creepRateDerivativeERKSt6vectorIN11MetaPhysicL10DualNumberIdNS1_28SemiDynamicSparseNumberArrayIdmNS1_8NWrapperILm64EEEEELb1EEESaIS7_EEjj
FNDA:678400,_ZN19BVBurgerModelUpdate16viscosityMaxwellERKSt6vectorIN11MetaPhysicL10DualNumberIdNS1_28SemiDynamicSparseNumberArrayIdmNS1_8NWrapperILm64EEEEELb1EEESaIS7_EE
FNDA:158720,_ZN19BVBurgerModelUpdate12preReturnMapEv
FNDA:2597376,_ZN19BVBurgerModelUpdate25creepRateKelvinDerivativeERKSt6vectorIN11MetaPhysicL10DualNumberIdNS1_28SemiDynamicSparseNumberArrayIdmNS1_8NWrapperILm64EEEEELb1EEESaIS7_EEj
FNDA:678400,_ZN19BVBurgerModelUpdate15viscosityKelvinERKSt6vectorIN11MetaPhysicL10DualNumberIdNS1_28SemiDynamicSparseNumberArrayIdmNS1_8NWrapperILm64EEEEELb1EEESaIS7_EE
FNDA:271360,_ZN19BVBurgerModelUpdate25viscosityKelvinDerivativeERKSt6vectorIN11MetaPhysicL10DualNumberIdNS1_28SemiDynamicSparseNumberArrayIdmNS1_8NWrapperILm64EEEEELb1EEESaIS7_EEj
FNDA:271360,_ZN19BVBurgerModelUpdate28shearModulusKelvinDerivativeERKSt6vectorIN11MetaPhysicL10DualNumberIdNS1_28SemiDynamicSparseNumberArrayIdmNS1_8NWrapperILm64EEEEELb1EEESaIS7_EEj
FNDA:158720,_ZN19BVBurgerModelUpdate13postReturnMapERKSt6vectorIN11MetaPhysicL10DualNumberIdNS1_28SemiDynamicSparseNumberArrayIdmNS1_8NWrapperILm64EEEEELb1EEESaIS7_EE
FNDA:272,_ZN19BVBurgerModelUpdate11validParamsEv
FNDA:4054784,_ZN19BVBurgerModelUpdate17kelvinCreepStrainERKSt6vectorIN11MetaPhysicL10DualNumberIdNS1_28SemiDynamicSparseNumberArrayIdmNS1_8NWrapperILm64EEEEELb1EEESaIS7_EE
FNDA:271360,_ZN19BVBurgerModelUpdate26viscosityMaxwellDerivativeERKSt6vectorIN11MetaPhysicL10DualNumberIdNS1_28SemiDynamicSparseNumberArrayIdmNS1_8NWrapperILm64EEEEELb1EEESaIS7_EEj
FNF:18
FNH:18
DA:19,272
DA:21,272
DA:22,272
DA:23,544
DA:24,544
DA:25,544
DA:27,272
DA:28,0
DA:30,6
DA:32,6
DA:33,12
DA:34,12
DA:36,6
DA:37,18
DA:39,6
DA:42,4608
DA:44,4608
DA:45,4608
DA:48,2597376
DA:50,2597376
DA:51,1298688
DA:52,1298688
DA:53,1298688
DA:55,0
DA:59,1298688
DA:62,2597376
DA:63,1298688
DA:67,1298688
DA:69,2597376
DA:70,1298688
DA:71,1298688
DA:75,5194752
DA:79,5194752
DA:80,2597376
DA:81,2597376
DA:82,2597376
DA:84,0
DA:85,0
DA:89,2597376
DA:92,2597376
DA:93,5194752
DA:94,2597376
DA:98,2597376
DA:101,2597376
DA:102,3896064
DA:103,1298688
DA:104,1298688
DA:105,2597376
DA:106,2597376
DA:107,1298688
DA:108,2597376
DA:109,1298688
DA:110,1298688
DA:111,1298688
DA:112,2597376
DA:113,2597376
DA:115,0
DA:116,0
DA:120,678400
DA:122,678400
DA:126,678400
DA:128,678400
DA:132,271360
DA:135,271360
DA:139,271360
DA:142,271360
DA:146,271360
DA:148,271360
DA:152,271360
DA:155,271360
DA:159,4054784
DA:161,4054784
DA:165,158720
DA:167,158720
DA:168,158720
DA:171,158720
DA:173,158720
DA:174,158720
LF:78
LH:72
end_of_record
TN:
SF:/home/runner/work/beaver/beaver/src/materials/BVCapillaryPressureBase.C
FN:17,_ZN23BVCapillaryPressureBase11validParamsEv
FN:25,_ZN23BVCapillaryPressureBaseC2ERK15InputParameters
FNDA:132,_ZN23BVCapillaryPressureBase11validParamsEv
FNDA:0,_ZN23BVCapillaryPressureBaseC2ERK15InputParameters
FNF:2
FNH:1
DA:17,132
DA:19,132
DA:20,132
DA:21,264
DA:22,132
DA:23,0
DA:25,0
DA:27,0
DA:28,0
DA:29,0
DA:31,0
LF:11
LH:5
end_of_record
TN:
SF:/home/runner/work/beaver/beaver/src/materials/BVCapillaryPressurePowerLaw.C
FN:19,_ZN27BVCapillaryPressurePowerLaw11validParamsEv
FN:28,_ZN27BVCapillaryPressurePowerLawC2ERK15InputParameters
FN:36,_ZN27BVCapillaryPressurePowerLaw19computeQpPropertiesEv
FNDA:0,_ZN27BVCapillaryPressurePowerLawC2ERK15InputParameters
FNDA:0,_ZN27BVCapillaryPressurePowerLaw19computeQpPropertiesEv
FNDA:132,_ZN27BVCapillaryPressurePowerLaw11validParamsEv
FNF:3
FNH:1
DA:19,132
DA:21,132
DA:22,132
DA:23,264
DA:24,264
DA:25,132
DA:26,0
DA:28,0
DA:30,0
DA:31,0
DA:33,0
DA:36,0
DA:39,0
DA:40,0
DA:41,0
LF:15
LH:6
end_of_record
TN:
SF:/home/runner/work/beaver/beaver/src/materials/BVConstantDispersion.C
FN:19,_ZN20BVConstantDispersion11validParamsEv
FN:28,_ZN20BVConstantDispersionC2ERK15InputParameters
FN:34,_ZN20BVConstantDispersion19computeQpPropertiesEv
FNDA:132,_ZN20BVConstantDispersion11validParamsEv
FNDA:0,_ZN20BVConstantDispersionC2ERK15InputParameters
FNDA:0,_ZN20BVConstantDispersion19computeQpPropertiesEv
FNF:3
FNH:1
DA:19,132
DA:21,132
DA:22,132
DA:23,264
DA:25,132
DA:26,0
DA:28,0
DA:29,0
DA:31,0
DA:34,0
DA:36,0
DA:37,0
LF:12
LH:5
end_of_record
TN:
SF:/home/runner/work/beaver/beaver/src/materials/BVConstantFrictionUpdate.C
FN:19,_ZN24BVConstantFrictionUpdate11validParamsEv
FN:28,_ZN24BVConstantFrictionUpdateC2ERK15InputParameters
FN:34,_ZN24BVConstantFrictionUpdate18frictionalStrengthERKN11MetaPhysicL10DualNumberIdNS0_28SemiDynamicSparseNumberArrayIdmNS0_8NWrapperILm64EEEEELb1EEE
FN:40,_ZN24BVConstantFrictionUpdate23frictionalStrengthDerivERKN11MetaPhysicL10DualNumberIdNS0_28SemiDynamicSparseNumberArrayIdmNS0_8NWrapperILm64EEEEELb1EEE
FNDA:140,_ZN24BVConstantFrictionUpdate11validParamsEv
FNDA:93388,_ZN24BVConstantFrictionUpdate18frictionalStrengthERKN11MetaPhysicL10DualNumberIdNS0_28SemiDynamicSparseNumberArrayIdmNS0_8NWrapperILm64EEEEELb1EEE
FNDA:6,_ZN24BVConstantFrictionUpdateC2ERK15InputParameters
FNDA:54212,_ZN24BVConstantFrictionUpdate23frictionalStrengthDerivERKN11MetaPhysicL10DualNumberIdNS0_28SemiDynamicSparseNumberArrayIdmNS0_8NWrapperILm64EEEEELb1EEE
FNF:4
FNH:4
DA:19,140
DA:21,140
DA:22,140
DA:23,280
DA:25,140
DA:26,0
DA:28,6
DA:29,12
DA:31,6
DA:34,93388
DA:36,93388
DA:40,54212
DA:42,54212
LF:13
LH:12
end_of_record
TN:
SF:/home/runner/work/beaver/beaver/src/materials/BVConstantPermeability.C
FN:19,_ZN22BVConstantPermeability11validParamsEv
FN:28,_ZN22BVConstantPermeabilityC2ERK15InputParameters
FN:34,_ZN22BVConstantPermeability19computeQpPropertiesEv
FNDA:172,_ZN22BVConstantPermeability11validParamsEv
FNDA:30,_ZN22BVConstantPermeabilityC2ERK15InputParameters
FNDA:512684,_ZN22BVConstantPermeability19computeQpPropertiesEv
FNF:3
FNH:3
DA:19,172
DA:21,172
DA:22,172
DA:23,344
DA:25,172
DA:26,0
DA:28,30
DA:29,60
DA:31,30
DA:34,512684
DA:36,512684
DA:37,512684
LF:12
LH:11
end_of_record
TN:
SF:/home/runner/work/beaver/beaver/src/materials/BVConstantPorosity.C
FN:19,_ZN18BVConstantPorosity11validParamsEv
FN:28,_ZN18BVConstantPorosityC2ERK15InputParameters
FN:34,_ZN18BVConstantPorosity24initQpStatefulPropertiesEv
FN:40,_ZN18BVConstantPorosity19computeQpPropertiesEv
FNDA:389404,_ZN18BVConstantPorosity19computeQpPropertiesEv
FNDA:0,_ZN18BVConstantPorosity24initQpStatefulPropertiesEv
FNDA:12,_ZN18BVConstantPorosityC2ERK15InputParameters
FNDA:148,_ZN18BVConstantPorosity11validParamsEv
FNF:4
FNH:3
DA:19,148
DA:21,148
DA:22,148
DA:23,296
DA:25,148
DA:26,0
DA:28,12
DA:29,24
DA:31,12
DA:34,0
DA:36,0
DA:37,0
DA:40,389404
DA:42,389404
DA:43,389404
LF:15
LH:11
end_of_record
TN:
SF:/home/runner/work/beaver/beaver/src/materials/BVCreepUpdateBase.C
FN:18,_ZN17BVCreepUpdateBase11validParamsEv
FN:30,_ZN17BVCreepUpdateBaseC2ERK15InputParameters
FN:38,_ZN17BVCreepUpdateBase15inelasticUpdateER18RankTwoTensorTemplIN11MetaPhysicL10DualNumberIdNS1_28SemiDynamicSparseNumberArrayIdmNS1_8NWrapperILm64EEEEELb1EEEERK19RankFourTensorTemplIdE
FN:68,_ZN17BVCreepUpdateBase9returnMapEv
FN:95,_ZN17BVCreepUpdateBase8residualERKN11MetaPhysicL10DualNumberIdNS0_28SemiDynamicSparseNumberArrayIdmNS0_8NWrapperILm64EEEEELb1EEE
FN:101,_ZN17BVCreepUpdateBase8jacobianERKN11MetaPhysicL10DualNumberIdNS0_28SemiDynamicSparseNumberArrayIdmNS0_8NWrapperILm64EEEEELb1EEE
FN:107,_ZN17BVCreepUpdateBase25reformPlasticStrainTensorERKN11MetaPhysicL10DualNumberIdNS0_28SemiDynamicSparseNumberArrayIdmNS0_8NWrapperILm64EEEEELb1EEE
FN:116,_ZN17BVCreepUpdateBase12preReturnMapEv
FN:121,_ZN17BVCreepUpdateBase13postReturnMapERKN11MetaPhysicL10DualNumberIdNS0_28SemiDynamicSparseNumberArrayIdmNS0_8NWrapperILm64EEEEELb1EEE
FNDA:131328,_ZN17BVCreepUpdateBase25reformPlasticStrainTensorERKN11MetaPhysicL10DualNumberIdNS0_28SemiDynamicSparseNumberArrayIdmNS0_8NWrapperILm64EEEEELb1EEE
FNDA:272,_ZN17BVCreepUpdateBase11validParamsEv
FNDA:262656,_ZN17BVCreepUpdateBase8residualERKN11MetaPhysicL10DualNumberIdNS0_28SemiDynamicSparseNumberArrayIdmNS0_8NWrapperILm64EEEEELb1EEE
FNDA:63488,_ZN17BVCreepUpdateBase12preReturnMapEv
FNDA:262656,_ZN17BVCreepUpdateBase8jacobianERKN11MetaPhysicL10DualNumberIdNS0_28SemiDynamicSparseNumberArrayIdmNS0_8NWrapperILm64EEEEELb1EEE
FNDA:6,_ZN17BVCreepUpdateBaseC2ERK15InputParameters
FNDA:131328,_ZN17BVCreepUpdateBase15inelasticUpdateER18RankTwoTensorTemplIN11MetaPhysicL10DualNumberIdNS1_28SemiDynamicSparseNumberArrayIdmNS1_8NWrapperILm64EEEEELb1EEEERK19RankFourTensorTemplIdE
FNDA:131328,_ZN17BVCreepUpdateBase9returnMapEv
FNDA:63488,_ZN17BVCreepUpdateBase13postReturnMapERKN11MetaPhysicL10DualNumberIdNS0_28SemiDynamicSparseNumberArrayIdmNS0_8NWrapperILm64EEEEELb1EEE
FNF:9
FNH:9
DA:18,272
DA:20,272
DA:21,272
DA:22,544
DA:27,272
DA:28,0
DA:30,6
DA:32,6
DA:33,12
DA:35,6
DA:38,131328
DA:46,131328
DA:48,262656
DA:50,131328
DA:53,131328
DA:56,131328
DA:59,131328
DA:62,131328
DA:63,262656
DA:64,131328
DA:65,131328
DA:68,131328
DA:71,131328
DA:74,131328
DA:76,131328
DA:77,131328
DA:80,131328
DA:82,131328
DA:84,131328
DA:85,131328
DA:88,131328
DA:89,131328
DA:91,0
DA:95,262656
DA:97,262656
DA:101,262656
DA:103,262656
DA:107,131328
DA:110,131328
DA:112,262656
DA:116,63488
DA:118,63488
DA:121,63488
DA:123,63488
LF:44
LH:42
end_of_record
TN:
SF:/home/runner/work/beaver/beaver/src/materials/BVDispersionBase.C
FN:17,_ZN16BVDispersionBase11validParamsEv
FN:25,_ZN16BVDispersionBaseC2ERK15InputParameters
FNDA:132,_ZN16BVDispersionBase11validParamsEv
FNDA:0,_ZN16BVDispersionBaseC2ERK15InputParameters
FNF:2
FNH:1
DA:17,132
DA:19,132
DA:20,132
DA:22,132
DA:23,0
DA:25,0
DA:26,0
DA:28,0
LF:8
LH:4
end_of_record
TN:
SF:/home/runner/work/beaver/beaver/src/materials/BVFluidProperties.C
FN:19,_ZN17BVFluidProperties11validParamsEv
FN:34,_ZN17BVFluidPropertiesC2ERK15InputParameters
FN:47,_ZN17BVFluidProperties9phase_extB5cxx11Ev
FN:63,_ZN17BVFluidProperties24initQpStatefulPropertiesEv
FN:70,_ZN17BVFluidProperties19computeQpPropertiesEv
FNDA:3508,_ZN17BVFluidProperties24initQpStatefulPropertiesEv
FNDA:512684,_ZN17BVFluidProperties19computeQpPropertiesEv
FNDA:24,_ZN17BVFluidPropertiesC2ERK15InputParameters
FNDA:164,_ZN17BVFluidProperties11validParamsEv
FNDA:24,_ZN17BVFluidProperties9phase_extB5cxx11Ev
FNF:5
FNH:5
DA:19,164
DA:21,164
DA:22,164
DA:24,328
DA:25,328
DA:26,328
DA:28,328
DA:29,328
DA:31,164
DA:32,164
DA:34,24
DA:36,24
DA:37,24
DA:38,48
DA:39,24
DA:40,24
DA:41,24
DA:42,48
DA:44,24
DA:47,24
DA:49,24
DA:52,0
DA:54,0
DA:56,24
DA:57,0
DA:58,0
DA:63,3508
DA:65,3508
DA:66,3508
DA:67,3508
DA:70,512684
DA:72,512684
DA:73,512684
DA:74,512684
LF:34
LH:30
end_of_record
TN:
SF:/home/runner/work/beaver/beaver/src/materials/BVFrictionUpdateBase.C
FN:17,_ZN20BVFrictionUpdateBase11validParamsEv
FN:41,_ZN20BVFrictionUpdateBaseC2ERK15InputParameters
FN:50,_ZN20BVFrictionUpdateBase5setQpEj
FN:56,_ZN20BVFrictionUpdateBase14frictionUpdateERN7libMesh11VectorValueIN11MetaPhysicL10DualNumberIdNS2_28SemiDynamicSparseNumberArrayIdmNS2_8NWrapperILm64EEEEELb1EEEEERK18RankTwoTensorTemplIdE
FN:82,_ZN20BVFrictionUpdateBase9returnMapEv
FN:110,_ZN20BVFrictionUpdateBase8residualERKN11MetaPhysicL10DualNumberIdNS0_28SemiDynamicSparseNumberArrayIdmNS0_8NWrapperILm64EEEEELb1EEE
FN:116,_ZN20BVFrictionUpdateBase8jacobianERKN11MetaPhysicL10DualNumberIdNS0_28SemiDynamicSparseNumberArrayIdmNS0_8NWrapperILm64EEEEELb1EEE
FN:122,_ZN20BVFrictionUpdateBase16reformSlipVectorERKN11MetaPhysicL10DualNumberIdNS0_28SemiDynamicSparseNumberArrayIdmNS0_8NWrapperILm64EEEEELb1EEE
FN:128,_ZN20BVFrictionUpdateBase12preReturnMapEv
FN:133,_ZN20BVFrictionUpdateBase13postReturnMapERKN11MetaPhysicL10DualNumberIdNS0_28SemiDynamicSparseNumberArrayIdmNS0_8NWrapperILm64EEEEELb1EEE
FNDA:6,_ZN20BVFrictionUpdateBaseC2ERK15InputParameters
FNDA:27106,_ZN20BVFrictionUpdateBase13postReturnMapERKN11MetaPhysicL10DualNumberIdNS0_28SemiDynamicSparseNumberArrayIdmNS0_8NWrapperILm64EEEEELb1EEE
FNDA:39176,_ZN20BVFrictionUpdateBase5setQpEj
FNDA:39176,_ZN20BVFrictionUpdateBase12preReturnMapEv
FNDA:140,_ZN20BVFrictionUpdateBase11validParamsEv
FNDA:27106,_ZN20BVFrictionUpdateBase16reformSlipVectorERKN11MetaPhysicL10DualNumberIdNS0_28SemiDynamicSparseNumberArrayIdmNS0_8NWrapperILm64EEEEELb1EEE
FNDA:54212,_ZN20BVFrictionUpdateBase8jacobianERKN11MetaPhysicL10DualNumberIdNS0_28SemiDynamicSparseNumberArrayIdmNS0_8NWrapperILm64EEEEELb1EEE
FNDA:54212,_ZN20BVFrictionUpdateBase8residualERKN11MetaPhysicL10DualNumberIdNS0_28SemiDynamicSparseNumberArrayIdmNS0_8NWrapperILm64EEEEELb1EEE
FNDA:27106,_ZN20BVFrictionUpdateBase9returnMapEv
FNDA:39176,_ZN20BVFrictionUpdateBase14frictionUpdateERN7libMesh11VectorValueIN11MetaPhysicL10DualNumberIdNS2_28SemiDynamicSparseNumberArrayIdmNS2_8NWrapperILm64EEEEELb1EEEEERK18RankTwoTensorTemplIdE
FNF:10
FNH:10
DA:17,140
DA:19,140
DA:20,140
DA:22,420
DA:23,280
DA:26,420
DA:27,280
DA:30,420
DA:32,280
DA:36,140
DA:37,140
DA:38,140
DA:39,0
DA:41,6
DA:43,6
DA:44,12
DA:45,18
DA:47,6
DA:50,39176
DA:52,39176
DA:53,39176
DA:56,39176
DA:59,39176
DA:61,39176
DA:62,39176
DA:65,39176
DA:68,39176
DA:70,78352
DA:71,12070
DA:73,27106
DA:76,27106
DA:77,27106
DA:78,27106
DA:82,27106
DA:85,27106
DA:88,27106
DA:90,27106
DA:91,27106
DA:94,27106
DA:96,27106
DA:98,27106
DA:99,27106
DA:102,27106
DA:103,27106
DA:105,0
DA:106,0
DA:110,54212
DA:112,162636
DA:116,54212
DA:118,54212
DA:122,27106
DA:124,81318
DA:128,39176
DA:130,39176
DA:133,27106
DA:135,27106
LF:56
LH:53
end_of_record
TN:
SF:/home/runner/work/beaver/beaver/src/materials/BVInelasticUpdateBase.C
FN:17,_ZN21BVInelasticUpdateBase11validParamsEv
FN:41,_ZN21BVInelasticUpdateBaseC2ERK15InputParameters
FN:50,_ZN21BVInelasticUpdateBase5setQpEj
FNDA:12,_ZN21BVInelasticUpdateBaseC2ERK15InputParameters
FNDA:676,_ZN21BVInelasticUpdateBase11validParamsEv
FNDA:290048,_ZN21BVInelasticUpdateBase5setQpEj
FNF:3
FNH:3
DA:17,676
DA:19,676
DA:20,676
DA:22,2028
DA:23,1352
DA:26,2028
DA:27,1352
DA:30,2028
DA:32,1352
DA:36,676
DA:37,676
DA:38,676
DA:39,0
DA:41,12
DA:43,12
DA:44,24
DA:45,36
DA:47,12
DA:50,290048
DA:52,290048
DA:53,290048
LF:21
LH:20
end_of_record
TN:
SF:/home/runner/work/beaver/beaver/src/materials/BVKelvinViscoelasticUpdate.C
FN:19,_ZN26BVKelvinViscoelasticUpdate11validParamsEv
FN:29,_ZN26BVKelvinViscoelasticUpdateC2ERK15InputParameters
FN:40,_ZN26BVKelvinViscoelasticUpdate24initQpStatefulPropertiesEv
FN:46,_ZN26BVKelvinViscoelasticUpdate9creepRateERKN11MetaPhysicL10DualNumberIdNS0_28SemiDynamicSparseNumberArrayIdmNS0_8NWrapperILm64EEEEELb1EEE
FN:52,_ZN26BVKelvinViscoelasticUpdate19creepRateDerivativeERKN11MetaPhysicL10DualNumberIdNS0_28SemiDynamicSparseNumberArrayIdmNS0_8NWrapperILm64EEEEELb1EEE
FN:58,_ZN26BVKelvinViscoelasticUpdate17kelvinCreepStrainERKN11MetaPhysicL10DualNumberIdNS0_28SemiDynamicSparseNumberArrayIdmNS0_8NWrapperILm64EEEEELb1EEE
FN:64,_ZN26BVKelvinViscoelasticUpdate27kelvinCreepStrainDerivativeERKN11MetaPhysicL10DualNumberIdNS0_28SemiDynamicSparseNumberArrayIdmNS0_8NWrapperILm64EEEEELb1EEE
FN:70,_ZN26BVKelvinViscoelasticUpdate12preReturnMapEv
FN:76,_ZN26BVKelvinViscoelasticUpdate13postReturnMapERKN11MetaPhysicL10DualNumberIdNS0_28SemiDynamicSparseNumberArrayIdmNS0_8NWrapperILm64EEEEELb1EEE
FNDA:2304,_ZN26BVKelvinViscoelasticUpdate24initQpStatefulPropertiesEv
FNDA:67840,_ZN26BVKelvinViscoelasticUpdate13postReturnMapERKN11MetaPhysicL10DualNumberIdNS0_28SemiDynamicSparseNumberArrayIdmNS0_8NWrapperILm64EEEEELb1EEE
FNDA:67840,_ZN26BVKelvinViscoelasticUpdate12preReturnMapEv
FNDA:3,_ZN26BVKelvinViscoelasticUpdateC2ERK15InputParameters
FNDA:135680,_ZN26BVKelvinViscoelasticUpdate27kelvinCreepStrainDerivativeERKN11MetaPhysicL10DualNumberIdNS0_28SemiDynamicSparseNumberArrayIdmNS0_8NWrapperILm64EEEEELb1EEE
FNDA:271360,_ZN26BVKelvinViscoelasticUpdate17kelvinCreepStrainERKN11MetaPhysicL10DualNumberIdNS0_28SemiDynamicSparseNumberArrayIdmNS0_8NWrapperILm64EEEEELb1EEE
FNDA:136,_ZN26BVKelvinViscoelasticUpdate11validParamsEv
FNDA:135680,_ZN26BVKelvinViscoelasticUpdate19creepRateDerivativeERKN11MetaPhysicL10DualNumberIdNS0_28SemiDynamicSparseNumberArrayIdmNS0_8NWrapperILm64EEEEELb1EEE
FNDA:203520,_ZN26BVKelvinViscoelasticUpdate9creepRateERKN11MetaPhysicL10DualNumberIdNS0_28SemiDynamicSparseNumberArrayIdmNS0_8NWrapperILm64EEEEELb1EEE
FNF:9
FNH:9
DA:19,136
DA:21,136
DA:22,136
DA:23,272
DA:24,272
DA:26,136
DA:27,0
DA:29,3
DA:31,3
DA:32,6
DA:34,3
DA:35,9
DA:37,3
DA:40,2304
DA:42,2304
DA:43,2304
DA:46,203520
DA:48,610560
DA:52,135680
DA:54,407040
DA:58,271360
DA:60,271360
DA:64,135680
DA:66,135680
DA:70,67840
DA:72,67840
DA:73,67840
DA:76,67840
DA:78,67840
DA:79,67840
LF:30
LH:29
end_of_record
TN:
SF:/home/runner/work/beaver/beaver/src/materials/BVLubby2ModelUpdate.C
FN:19,_ZN19BVLubby2ModelUpdate11validParamsEv
FN:30,_ZN19BVLubby2ModelUpdateC2ERK15InputParameters
FN:40,_ZN19BVLubby2ModelUpdate16viscosityMaxwellERKSt6vectorIN11MetaPhysicL10DualNumberIdNS1_28SemiDynamicSparseNumberArrayIdmNS1_8NWrapperILm64EEEEELb1EEESaIS7_EE
FN:48,_ZN19BVLubby2ModelUpdate15viscosityKelvinERKSt6vectorIN11MetaPhysicL10DualNumberIdNS1_28SemiDynamicSparseNumberArrayIdmNS1_8NWrapperILm64EEEEELb1EEESaIS7_EE
FN:56,_ZN19BVLubby2ModelUpdate26viscosityMaxwellDerivativeERKSt6vectorIN11MetaPhysicL10DualNumberIdNS1_28SemiDynamicSparseNumberArrayIdmNS1_8NWrapperILm64EEEEELb1EEESaIS7_EEj
FN:63,_ZN19BVLubby2ModelUpdate25viscosityKelvinDerivativeERKSt6vectorIN11MetaPhysicL10DualNumberIdNS1_28SemiDynamicSparseNumberArrayIdmNS1_8NWrapperILm64EEEEELb1EEESaIS7_EEj
FN:70,_ZN19BVLubby2ModelUpdate18shearModulusKelvinERKSt6vectorIN11MetaPhysicL10DualNumberIdNS1_28SemiDynamicSparseNumberArrayIdmNS1_8NWrapperILm64EEEEELb1EEESaIS7_EE
FN:78,_ZN19BVLubby2ModelUpdate28shearModulusKelvinDerivativeERKSt6vectorIN11MetaPhysicL10DualNumberIdNS1_28SemiDynamicSparseNumberArrayIdmNS1_8NWrapperILm64EEEEELb1EEESaIS7_EEj
FNDA:2326016,_ZN19BVLubby2ModelUpdate25viscosityKelvinDerivativeERKSt6vectorIN11MetaPhysicL10DualNumberIdNS1_28SemiDynamicSparseNumberArrayIdmNS1_8NWrapperILm64EEEEELb1EEESaIS7_EEj
FNDA:2326016,_ZN19BVLubby2ModelUpdate26viscosityMaxwellDerivativeERKSt6vectorIN11MetaPhysicL10DualNumberIdNS1_28SemiDynamicSparseNumberArrayIdmNS1_8NWrapperILm64EEEEELb1EEESaIS7_EEj
FNDA:3,_ZN19BVLubby2ModelUpdateC2ERK15InputParameters
FNDA:4652032,_ZN19BVLubby2ModelUpdate18shearModulusKelvinERKSt6vectorIN11MetaPhysicL10DualNumberIdNS1_28SemiDynamicSparseNumberArrayIdmNS1_8NWrapperILm64EEEEELb1EEESaIS7_EE
FNDA:136,_ZN19BVLubby2ModelUpdate11validParamsEv
FNDA:8141056,_ZN19BVLubby2ModelUpdate16viscosityMaxwellERKSt6vectorIN11MetaPhysicL10DualNumberIdNS1_28SemiDynamicSparseNumberArrayIdmNS1_8NWrapperILm64EEEEELb1EEESaIS7_EE
FNDA:8141056,_ZN19BVLubby2ModelUpdate15viscosityKelvinERKSt6vectorIN11MetaPhysicL10DualNumberIdNS1_28SemiDynamicSparseNumberArrayIdmNS1_8NWrapperILm64EEEEELb1EEESaIS7_EE
FNDA:2326016,_ZN19BVLubby2ModelUpdate28shearModulusKelvinDerivativeERKSt6vectorIN11MetaPhysicL10DualNumberIdNS1_28SemiDynamicSparseNumberArrayIdmNS1_8NWrapperILm64EEEEELb1EEESaIS7_EEj
FNF:8
FNH:8
DA:19,136
DA:21,136
DA:22,136
DA:23,272
DA:24,272
DA:25,272
DA:26,272
DA:27,136
DA:28,0
DA:30,3
DA:32,3
DA:33,6
DA:34,6
DA:35,9
DA:37,3
DA:40,8141056
DA:42,8141056
DA:43,32564224
DA:44,8141056
DA:48,8141056
DA:50,8141056
DA:51,32564224
DA:52,8141056
DA:56,2326016
DA:59,2326016
DA:63,2326016
DA:66,2326016
DA:70,4652032
DA:72,4652032
DA:73,18608128
DA:74,4652032
DA:78,2326016
DA:81,2326016
LF:33
LH:32
end_of_record
TN:
SF:/home/runner/work/beaver/beaver/src/materials/BVMaxwellViscoelasticUpdate.C
FN:19,_ZN27BVMaxwellViscoelasticUpdate11validParamsEv
FN:27,_ZN27BVMaxwellViscoelasticUpdateC2ERK15InputParameters
FN:33,_ZN27BVMaxwellViscoelasticUpdate9creepRateERKN11MetaPhysicL10DualNumberIdNS0_28SemiDynamicSparseNumberArrayIdmNS0_8NWrapperILm64EEEEELb1EEE
FN:39,_ZN27BVMaxwellViscoelasticUpdate19creepRateDerivativeERKN11MetaPhysicL10DualNumberIdNS0_28SemiDynamicSparseNumberArrayIdmNS0_8NWrapperILm64EEEEELb1EEE
FNDA:3,_ZN27BVMaxwellViscoelasticUpdateC2ERK15InputParameters
FNDA:136,_ZN27BVMaxwellViscoelasticUpdate11validParamsEv
FNDA:190464,_ZN27BVMaxwellViscoelasticUpdate9creepRateERKN11MetaPhysicL10DualNumberIdNS0_28SemiDynamicSparseNumberArrayIdmNS0_8NWrapperILm64EEEEELb1EEE
FNDA:126976,_ZN27BVMaxwellViscoelasticUpdate19creepRateDerivativeERKN11MetaPhysicL10DualNumberIdNS0_28SemiDynamicSparseNumberArrayIdmNS0_8NWrapperILm64EEEEELb1EEE
FNF:4
FNH:4
DA:19,136
DA:21,136
DA:22,136
DA:23,272
DA:24,136
DA:25,0
DA:27,3
DA:28,6
DA:30,3
DA:33,190464
DA:35,380928
DA:39,126976
DA:41,126976
LF:13
LH:12
end_of_record
TN:
SF:/home/runner/work/beaver/beaver/src/materials/BVMechanicalInterfaceMaterial.C
FN:20,_ZN29BVMechanicalInterfaceMaterial11validParamsEv
FN:43,_ZN29BVMechanicalInterfaceMaterialC2ERK15InputParameters
FN:72,_ZN29BVMechanicalInterfaceMaterial12initialSetupEv
FN:101,_ZN29BVMechanicalInterfaceMaterial26displacementIntegrityCheckEv
FN:111,_ZN29BVMechanicalInterfaceMaterial23initializeFrictionModelEv
FN:121,_ZN29BVMechanicalInterfaceMaterial24initQpStatefulPropertiesEv
FN:130,_ZN29BVMechanicalInterfaceMaterial19computeQpPropertiesEv
FN:142,_ZN29BVMechanicalInterfaceMaterial25computeQpDisplacementJumpEv
FN:154,_ZN29BVMechanicalInterfaceMaterial25computeQpRotationMatricesEv
FN:160,_ZN29BVMechanicalInterfaceMaterial30computeQpLocalDisplacementJumpEv
FN:170,_ZN29BVMechanicalInterfaceMaterial22computeQpLocalTractionEv
FN:184,_ZN29BVMechanicalInterfaceMaterial23computeQpGlobalTractionEv
FN:190,_ZN29BVMechanicalInterfaceMaterial24computeReferenceRotationERKN7libMesh11VectorValueIdEEj
FNDA:4,_ZN29BVMechanicalInterfaceMaterial12initialSetupEv
FNDA:44656,_ZN29BVMechanicalInterfaceMaterial22computeQpLocalTractionEv
FNDA:44656,_ZN29BVMechanicalInterfaceMaterial25computeQpRotationMatricesEv
FNDA:2192,_ZN29BVMechanicalInterfaceMaterial24initQpStatefulPropertiesEv
FNDA:44656,_ZN29BVMechanicalInterfaceMaterial24computeReferenceRotationERKN7libMesh11VectorValueIdEEj
FNDA:44656,_ZN29BVMechanicalInterfaceMaterial23computeQpGlobalTractionEv
FNDA:44656,_ZN29BVMechanicalInterfaceMaterial19computeQpPropertiesEv
FNDA:140,_ZN29BVMechanicalInterfaceMaterial11validParamsEv
FNDA:44656,_ZN29BVMechanicalInterfaceMaterial30computeQpLocalDisplacementJumpEv
FNDA:4,_ZN29BVMechanicalInterfaceMaterialC2ERK15InputParameters
FNDA:4,_ZN29BVMechanicalInterfaceMaterial23initializeFrictionModelEv
FNDA:44656,_ZN29BVMechanicalInterfaceMaterial25computeQpDisplacementJumpEv
FNDA:4,_ZN29BVMechanicalInterfaceMaterial26displacementIntegrityCheckEv
FNF:13
FNH:13
DA:20,140
DA:22,140
DA:23,140
DA:26,280
DA:30,280
DA:32,280
DA:35,280
DA:39,140
DA:40,140
DA:41,0
DA:43,4
DA:46,4
DA:47,4
DA:48,4
DA:49,4
DA:50,4
DA:52,12
DA:53,8
DA:54,12
DA:56,4
DA:57,4
DA:58,4
DA:59,4
DA:60,4
DA:61,4
DA:62,4
DA:63,4
DA:65,4
DA:66,8
DA:67,8
DA:69,4
DA:72,4
DA:74,4
DA:76,4
DA:80,14
DA:82,10
DA:83,10
DA:84,10
DA:86,10
DA:87,10
DA:91,6
DA:93,2
DA:94,2
DA:95,2
DA:96,2
DA:98,4
DA:101,4
DA:104,4
DA:105,0
DA:108,4
DA:111,4
DA:113,8
DA:114,4
DA:116,2
DA:117,2
DA:119,4
DA:121,2192
DA:125,2192
DA:126,2192
DA:127,2192
DA:130,44656
DA:133,44656
DA:134,44656
DA:135,44656
DA:137,44656
DA:138,44656
DA:139,44656
DA:142,44656
DA:145,177264
DA:146,132608
DA:147,132608
DA:148,265216
DA:149,46016
DA:150,1360
DA:151,44656
DA:154,44656
DA:156,44656
DA:157,44656
DA:160,44656
DA:162,44656
DA:163,44656
DA:166,44656
DA:167,44656
DA:168,44656
DA:170,44656
DA:172,44656
DA:173,89312
DA:176,44656
DA:178,39176
DA:179,39176
DA:181,44656
DA:184,44656
DA:186,89312
DA:187,44656
DA:190,44656
DA:193,44656
DA:194,44656
DA:196,43296
DA:197,43296
DA:198,43296
DA:199,1360
DA:200,1360
DA:201,1360
DA:202,0
DA:203,0
DA:204,0
DA:205,0
DA:206,0
DA:207,0
DA:208,0
DA:210,44656
LF:111
LH:102
end_of_record
TN:
SF:/home/runner/work/beaver/beaver/src/materials/BVMechanicalMaterial.C
FN:20,_ZN20BVMechanicalMaterial11validParamsEv
FN:55,_ZN20BVMechanicalMaterialC2ERK15InputParameters
FN:78,_ZN20BVMechanicalMaterial12initialSetupEv
FN:107,_ZN20BVMechanicalMaterial23elasticModuliInputCheckEv
FN:136,_ZN20BVMechanicalMaterial26displacementIntegrityCheckEv
FN:146,_ZN20BVMechanicalMaterial25initializeInelasticModelsEv
FN:167,_ZN20BVMechanicalMaterial23initializeInitialStressEv
FN:184,_ZN20BVMechanicalMaterial24initQpStatefulPropertiesEv
FN:199,_ZN20BVMechanicalMaterial19computeQpPropertiesEv
FN:207,_ZN20BVMechanicalMaterial24computeQpStrainIncrementEv
FN:228,_ZN20BVMechanicalMaterial20computeQpSmallStrainERK18RankTwoTensorTemplIN11MetaPhysicL10DualNumberIdNS1_28SemiDynamicSparseNumberArrayIdmNS1_8NWrapperILm64EEEEELb1EEEERKS0_IdE
FN:238,_ZN20BVMechanicalMaterial21computeQpFiniteStrainERK18RankTwoTensorTemplIN11MetaPhysicL10DualNumberIdNS1_28SemiDynamicSparseNumberArrayIdmNS1_8NWrapperILm64EEEEELb1EEEERKS0_IdE
FN:255,_ZN20BVMechanicalMaterial25computeQpElasticityTensorEv
FN:265,_ZN20BVMechanicalMaterial15computeQpStressEv
FN:282,_ZN20BVMechanicalMaterial12spinRotationERK18RankTwoTensorTemplIN11MetaPhysicL10DualNumberIdNS1_28SemiDynamicSparseNumberArrayIdmNS1_8NWrapperILm64EEEEELb1EEEE
FNDA:196,_ZN20BVMechanicalMaterial11validParamsEv
FNDA:932514,_ZN20BVMechanicalMaterial15computeQpStressEv
FNDA:46,_ZN20BVMechanicalMaterial12initialSetupEv
FNDA:932514,_ZN20BVMechanicalMaterial20computeQpSmallStrainERK18RankTwoTensorTemplIN11MetaPhysicL10DualNumberIdNS1_28SemiDynamicSparseNumberArrayIdmNS1_8NWrapperILm64EEEEELb1EEEERKS0_IdE
FNDA:34144,_ZN20BVMechanicalMaterial24initQpStatefulPropertiesEv
FNDA:45,_ZN20BVMechanicalMaterial26displacementIntegrityCheckEv
FNDA:932514,_ZN20BVMechanicalMaterial25computeQpElasticityTensorEv
FNDA:932514,_ZN20BVMechanicalMaterial12spinRotationERK18RankTwoTensorTemplIN11MetaPhysicL10DualNumberIdNS1_28SemiDynamicSparseNumberArrayIdmNS1_8NWrapperILm64EEEEELb1EEEE
FNDA:45,_ZN20BVMechanicalMaterial25initializeInelasticModelsEv
FNDA:45,_ZN20BVMechanicalMaterial23initializeInitialStressEv
FNDA:46,_ZN20BVMechanicalMaterial23elasticModuliInputCheckEv
FNDA:0,_ZN20BVMechanicalMaterial21computeQpFiniteStrainERK18RankTwoTensorTemplIN11MetaPhysicL10DualNumberIdNS1_28SemiDynamicSparseNumberArrayIdmNS1_8NWrapperILm64EEEEELb1EEEERKS0_IdE
FNDA:48,_ZN20BVMechanicalMaterialC2ERK15InputParameters
FNDA:932514,_ZN20BVMechanicalMaterial19computeQpPropertiesEv
FNDA:932514,_ZN20BVMechanicalMaterial24computeQpStrainIncrementEv
FNF:15
FNH:14
DA:20,196
DA:22,196
DA:23,196
DA:25,392
DA:29,392
DA:30,392
DA:33,392
DA:35,392
DA:37,392
DA:39,392
DA:42,392
DA:45,392
DA:51,196
DA:52,196
DA:53,196
DA:55,48
DA:58,48
DA:59,48
DA:60,48
DA:62,96
DA:64,48
DA:65,48
DA:67,48
DA:69,48
DA:70,144
DA:72,96
DA:73,0
DA:75,48
DA:78,46
DA:80,46
DA:82,45
DA:84,45
DA:86,45
DA:89,165
DA:91,120
DA:92,120
DA:93,120
DA:95,0
DA:99,60
DA:101,15
DA:102,15
DA:104,45
DA:107,46
DA:109,140
DA:111,42
DA:112,42
DA:114,92
DA:116,42
DA:117,42
DA:119,21
DA:120,21
DA:122,14
DA:124,6
DA:126,6
DA:127,3
DA:130,1
DA:133,45
DA:136,45
DA:139,45
DA:140,0
DA:143,45
DA:146,45
DA:148,135
DA:149,45
DA:150,45
DA:151,45
DA:153,24
DA:156,12
DA:158,12
DA:159,12
DA:161,0
DA:164,45
DA:167,45
DA:169,135
DA:170,45
DA:171,45
DA:172,0
DA:174,45
DA:176,21
DA:178,93
DA:179,72
DA:181,45
DA:184,34144
DA:186,34144
DA:187,34144
DA:188,34144
DA:190,20882
DA:191,89048
DA:192,68166
DA:193,20882
DA:195,34144
DA:196,34144
DA:199,932514
DA:201,932514
DA:202,932514
DA:203,932514
DA:204,932514
DA:207,932514
DA:210,932514
DA:212,932514
DA:214,932514
DA:216,932514
DA:217,932514
DA:219,0
DA:220,0
DA:222,0
DA:223,0
DA:225,932514
DA:228,932514
DA:231,932514
DA:233,1865028
DA:234,1865028
DA:235,932514
DA:238,0
DA:242,0
DA:243,0
DA:244,0
DA:247,0
DA:248,0
DA:250,0
DA:251,0
DA:252,0
DA:255,932514
DA:258,932514
DA:261,932514
DA:262,932514
DA:265,932514
DA:268,1865028
DA:271,932514
DA:273,580096
DA:275,290048
DA:276,290048
DA:279,932514
DA:282,932514
DA:284,932514
DA:285,1865028
LF:136
LH:118
end_of_record
TN:
SF:/home/runner/work/beaver/beaver/src/materials/BVMultiPhaseFlowMaterial.C
FN:19,_ZN24BVMultiPhaseFlowMaterial11validParamsEv
FN:26,_ZN24BVMultiPhaseFlowMaterialC2ERK15InputParameters
FN:42,_ZN24BVMultiPhaseFlowMaterial19computeQpPropertiesEv
FNDA:0,_ZN24BVMultiPhaseFlowMaterialC2ERK15InputParameters
FNDA:0,_ZN24BVMultiPhaseFlowMaterial19computeQpPropertiesEv
FNDA:132,_ZN24BVMultiPhaseFlowMaterial11validParamsEv
FNF:3
FNH:1
DA:19,132
DA:21,132
DA:22,132
DA:23,132
DA:24,0
DA:26,0
DA:28,0
DA:29,0
DA:30,0
DA:31,0
DA:32,0
DA:33,0
DA:34,0
DA:35,0
DA:36,0
DA:37,0
DA:39,0
DA:42,0
DA:45,0
DA:46,0
DA:47,0
DA:50,0
DA:51,0
DA:54,0
DA:55,0
LF:25
LH:4
end_of_record
TN:
SF:/home/runner/work/beaver/beaver/src/materials/BVPermeabilityBase.C
FN:17,_ZN18BVPermeabilityBase11validParamsEv
FN:25,_ZN18BVPermeabilityBaseC2ERK15InputParameters
FNDA:30,_ZN18BVPermeabilityBaseC2ERK15InputParameters
FNDA:172,_ZN18BVPermeabilityBase11validParamsEv
FNF:2
FNH:2
DA:17,172
DA:19,172
DA:20,172
DA:22,172
DA:23,0
DA:25,30
DA:26,30
DA:28,30
LF:8
LH:7
end_of_record
TN:
SF:/home/runner/work/beaver/beaver/src/materials/BVPoroMechanicsMaterial.C
FN:19,_ZN23BVPoroMechanicsMaterial11validParamsEv
FN:32,_ZN23BVPoroMechanicsMaterialC2ERK15InputParameters
FN:50,_ZN23BVPoroMechanicsMaterial19computeQpPropertiesEv
FNDA:140,_ZN23BVPoroMechanicsMaterial11validParamsEv
FNDA:6,_ZN23BVPoroMechanicsMaterialC2ERK15InputParameters
FNDA:280454,_ZN23BVPoroMechanicsMaterial19computeQpPropertiesEv
FNF:3
FNH:3
DA:19,140
DA:21,140
DA:22,140
DA:25,420
DA:26,280
DA:29,140
DA:30,0
DA:32,6
DA:35,6
DA:37,12
DA:39,12
DA:41,12
DA:43,6
DA:44,6
DA:45,12
DA:47,6
DA:50,280454
DA:53,280454
DA:56,280454
DA:59,560908
DA:62,560908
DA:63,280454
LF:22
LH:21
end_of_record
TN:
SF:/home/runner/work/beaver/beaver/src/materials/BVPorosityBase.C
FN:17,_ZN14BVPorosityBase11validParamsEv
FN:25,_ZN14BVPorosityBaseC2ERK15InputParameters
FNDA:12,_ZN14BVPorosityBaseC2ERK15InputParameters
FNDA:148,_ZN14BVPorosityBase11validParamsEv
FNF:2
FNH:2
DA:17,148
DA:19,148
DA:20,148
DA:22,148
DA:23,0
DA:25,12
DA:26,12
DA:28,12
LF:8
LH:7
end_of_record
TN:
SF:/home/runner/work/beaver/beaver/src/materials/BVRTL2020ModelUpdate.C
FN:19,_ZN20BVRTL2020ModelUpdate11validParamsEv
FN:37,_ZN20BVRTL2020ModelUpdateC2ERK15InputParameters
FN:59,_ZN20BVRTL2020ModelUpdate24initQpStatefulPropertiesEv
FN:66,_ZN20BVRTL2020ModelUpdate9creepRateERKSt6vectorIN11MetaPhysicL10DualNumberIdNS1_28SemiDynamicSparseNumberArrayIdmNS1_8NWrapperILm64EEEEELb1EEESaIS7_EEj
FN:77,_ZN20BVRTL2020ModelUpdate17creepRateLemaitreERKSt6vectorIN11MetaPhysicL10DualNumberIdNS1_28SemiDynamicSparseNumberArrayIdmNS1_8NWrapperILm64EEEEELb1EEESaIS7_EE
FN:91,_ZN20BVRTL2020ModelUpdate21creepRateMunsonDawsonERKSt6vectorIN11MetaPhysicL10DualNumberIdNS1_28SemiDynamicSparseNumberArrayIdmNS1_8NWrapperILm64EEEEELb1EEESaIS7_EE
FN:109,_ZN20BVRTL2020ModelUpdate19creepRateDerivativeERKSt6vectorIN11MetaPhysicL10DualNumberIdNS1_28SemiDynamicSparseNumberArrayIdmNS1_8NWrapperILm64EEEEELb1EEESaIS7_EEjj
FN:123,_ZN20BVRTL2020ModelUpdate27creepRateLemaitreDerivativeERKSt6vectorIN11MetaPhysicL10DualNumberIdNS1_28SemiDynamicSparseNumberArrayIdmNS1_8NWrapperILm64EEEEELb1EEESaIS7_EEj
FN:155,_ZN20BVRTL2020ModelUpdate31creepRateMunsonDawsonDerivativeERKSt6vectorIN11MetaPhysicL10DualNumberIdNS1_28SemiDynamicSparseNumberArrayIdmNS1_8NWrapperILm64EEEEELb1EEESaIS7_EEj
FN:192,_ZN20BVRTL2020ModelUpdate19lemaitreCreepStrainERKSt6vectorIN11MetaPhysicL10DualNumberIdNS1_28SemiDynamicSparseNumberArrayIdmNS1_8NWrapperILm64EEEEELb1EEESaIS7_EE
FN:198,_ZN20BVRTL2020ModelUpdate23munsondawsonCreepStrainERKSt6vectorIN11MetaPhysicL10DualNumberIdNS1_28SemiDynamicSparseNumberArrayIdmNS1_8NWrapperILm64EEEEELb1EEESaIS7_EE
FN:204,_ZN20BVRTL2020ModelUpdate12preReturnMapEv
FN:211,_ZN20BVRTL2020ModelUpdate13postReturnMapERKSt6vectorIN11MetaPhysicL10DualNumberIdNS1_28SemiDynamicSparseNumberArrayIdmNS1_8NWrapperILm64EEEEELb1EEESaIS7_EE
FNDA:0,_ZN20BVRTL2020ModelUpdate9creepRateERKSt6vectorIN11MetaPhysicL10DualNumberIdNS1_28SemiDynamicSparseNumberArrayIdmNS1_8NWrapperILm64EEEEELb1EEESaIS7_EEj
FNDA:0,_ZN20BVRTL2020ModelUpdate17creepRateLemaitreERKSt6vectorIN11MetaPhysicL10DualNumberIdNS1_28SemiDynamicSparseNumberArrayIdmNS1_8NWrapperILm64EEEEELb1EEESaIS7_EE
FNDA:132,_ZN20BVRTL2020ModelUpdate11validParamsEv
FNDA:0,_ZN20BVRTL2020ModelUpdate31creepRateMunsonDawsonDerivativeERKSt6vectorIN11MetaPhysicL10DualNumberIdNS1_28SemiDynamicSparseNumberArrayIdmNS1_8NWrapperILm64EEEEELb1EEESaIS7_EEj
FNDA:0,_ZN20BVRTL2020ModelUpdate13postReturnMapERKSt6vectorIN11MetaPhysicL10DualNumberIdNS1_28SemiDynamicSparseNumberArrayIdmNS1_8NWrapperILm64EEEEELb1EEESaIS7_EE
FNDA:0,_ZN20BVRTL2020ModelUpdateC2ERK15InputParameters
FNDA:0,_ZN20BVRTL2020ModelUpdate27creepRateLemaitreDerivativeERKSt6vectorIN11MetaPhysicL10DualNumberIdNS1_28SemiDynamicSparseNumberArrayIdmNS1_8NWrapperILm64EEEEELb1EEESaIS7_EEj
FNDA:0,_ZN20BVRTL2020ModelUpdate21creepRateMunsonDawsonERKSt6vectorIN11MetaPhysicL10DualNumberIdNS1_28SemiDynamicSparseNumberArrayIdmNS1_8NWrapperILm64EEEEELb1EEESaIS7_EE
FNDA:0,_ZN20BVRTL2020ModelUpdate23munsondawsonCreepStrainERKSt6vectorIN11MetaPhysicL10DualNumberIdNS1_28SemiDynamicSparseNumberArrayIdmNS1_8NWrapperILm64EEEEELb1EEESaIS7_EE
FNDA:0,_ZN20BVRTL2020ModelUpdate19lemaitreCreepStrainERKSt6vectorIN11MetaPhysicL10DualNumberIdNS1_28SemiDynamicSparseNumberArrayIdmNS1_8NWrapperILm64EEEEELb1EEESaIS7_EE
FNDA:0,_ZN20BVRTL2020ModelUpdate24initQpStatefulPropertiesEv
FNDA:0,_ZN20BVRTL2020ModelUpdate19creepRateDerivativeERKSt6vectorIN11MetaPhysicL10DualNumberIdNS1_28SemiDynamicSparseNumberArrayIdmNS1_8NWrapperILm64EEEEELb1EEESaIS7_EEjj
FNDA:0,_ZN20BVRTL2020ModelUpdate12preReturnMapEv
FNF:13
FNH:1
DA:19,132
DA:21,132
DA:22,132
DA:25,264
DA:26,264
DA:27,264
DA:28,264
DA:29,264
DA:30,264
DA:31,264
DA:32,264
DA:33,264
DA:34,132
DA:35,0
DA:37,0
DA:40,0
DA:41,0
DA:42,0
DA:44,0
DA:45,0
DA:46,0
DA:47,0
DA:48,0
DA:49,0
DA:51,0
DA:52,0
DA:53,0
DA:54,0
DA:56,0
DA:59,0
DA:61,0
DA:62,0
DA:63,0
DA:66,0
DA:68,0
DA:69,0
DA:70,0
DA:71,0
DA:73,0
DA:77,0
DA:79,0
DA:80,0
DA:81,0
DA:82,0
DA:84,0
DA:85,0
DA:86,0
DA:87,0
DA:91,0
DA:94,0
DA:96,0
DA:98,0
DA:99,0
DA:100,0
DA:101,0
DA:103,0
DA:104,0
DA:105,0
DA:109,0
DA:113,0
DA:114,0
DA:115,0
DA:116,0
DA:118,0
DA:119,0
DA:123,0
DA:126,0
DA:127,0
DA:128,0
DA:129,0
DA:130,0
DA:132,0
DA:133,0
DA:134,0
DA:135,0
DA:136,0
DA:137,0
DA:138,0
DA:139,0
DA:140,0
DA:141,0
DA:142,0
DA:143,0
DA:145,0
DA:146,0
DA:147,0
DA:148,0
DA:150,0
DA:151,0
DA:155,0
DA:159,0
DA:161,0
DA:163,0
DA:164,0
DA:165,0
DA:166,0
DA:167,0
DA:169,0
DA:170,0
DA:171,0
DA:172,0
DA:173,0
DA:174,0
DA:175,0
DA:176,0
DA:177,0
DA:178,0
DA:179,0
DA:181,0
DA:182,0
DA:183,0
DA:184,0
DA:185,0
DA:187,0
DA:188,0
DA:192,0
DA:194,0
DA:198,0
DA:200,0
DA:204,0
DA:206,0
DA:207,0
DA:208,0
DA:211,0
DA:213,0
DA:214,0
DA:215,0
LF:127
LH:13
end_of_record
TN:
SF:/home/runner/work/beaver/beaver/src/materials/BVRelaticePermeabilityBase.C
FN:17,_ZN26BVRelativePermeabilityBase11validParamsEv
FN:25,_ZN26BVRelativePermeabilityBaseC2ERK15InputParameters
FNDA:132,_ZN26BVRelativePermeabilityBase11validParamsEv
FNDA:0,_ZN26BVRelativePermeabilityBaseC2ERK15InputParameters
FNF:2
FNH:1
DA:17,132
DA:19,132
DA:20,132
DA:21,264
DA:22,132
DA:23,0
DA:25,0
DA:27,0
DA:28,0
DA:29,0
DA:33,0
LF:11
LH:5
end_of_record
TN:
SF:/home/runner/work/beaver/beaver/src/materials/BVRelativePermeabilityPowerLaw.C
FN:19,_ZN30BVRelativePermeabilityPowerLaw11validParamsEv
FN:27,_ZN30BVRelativePermeabilityPowerLawC2ERK15InputParameters
FN:34,_ZN30BVRelativePermeabilityPowerLaw19computeQpPropertiesEv
FNDA:132,_ZN30BVRelativePermeabilityPowerLaw11validParamsEv
FNDA:0,_ZN30BVRelativePermeabilityPowerLaw19computeQpPropertiesEv
FNDA:0,_ZN30BVRelativePermeabilityPowerLawC2ERK15InputParameters
FNF:3
FNH:1
DA:19,132
DA:21,132
DA:22,132
DA:23,264
DA:24,132
DA:25,0
DA:27,0
DA:29,0
DA:31,0
DA:34,0
DA:37,0
DA:40,0
DA:42,0
LF:13
LH:5
end_of_record
TN:
SF:/home/runner/work/beaver/beaver/src/materials/BVSinglePhaseFlowMaterial.C
FN:19,_ZN25BVSinglePhaseFlowMaterial11validParamsEv
FN:27,_ZN25BVSinglePhaseFlowMaterialC2ERK15InputParameters
FN:36,_ZN25BVSinglePhaseFlowMaterial19computeQpPropertiesEv
FNDA:512684,_ZN25BVSinglePhaseFlowMaterial19computeQpPropertiesEv
FNDA:164,_ZN25BVSinglePhaseFlowMaterial11validParamsEv
FNDA:24,_ZN25BVSinglePhaseFlowMaterialC2ERK15InputParameters
FNF:3
FNH:3
DA:19,164
DA:21,164
DA:22,164
DA:24,164
DA:25,0
DA:27,24
DA:29,24
DA:30,48
DA:31,48
DA:33,24
DA:36,512684
DA:39,1025368
DA:40,512684
LF:13
LH:12
end_of_record
TN:
SF:/home/runner/work/beaver/beaver/src/materials/BVSinglePhaseFlowSoluteMaterial.C
FN:19,_ZN31BVSinglePhaseFlowSoluteMaterial11validParamsEv
FN:27,_ZN31BVSinglePhaseFlowSoluteMaterialC2ERK15InputParameters
FN:36,_ZN31BVSinglePhaseFlowSoluteMaterial19computeQpPropertiesEv
FNDA:132,_ZN31BVSinglePhaseFlowSoluteMaterial11validParamsEv
FNDA:0,_ZN31BVSinglePhaseFlowSoluteMaterialC2ERK15InputParameters
FNDA:0,_ZN31BVSinglePhaseFlowSoluteMaterial19computeQpPropertiesEv
FNF:3
FNH:1
DA:19,132
DA:21,132
DA:22,132
DA:24,132
DA:25,0
DA:27,0
DA:29,0
DA:30,0
DA:31,0
DA:33,0
DA:36,0
DA:39,0
DA:40,0
LF:13
LH:4
end_of_record
TN:
SF:/home/runner/work/beaver/beaver/src/materials/BVTwoCreepUpdateBase.C
FN:18,_ZN20BVTwoCreepUpdateBase11validParamsEv
FN:30,_ZN20BVTwoCreepUpdateBaseC2ERK15InputParameters
FN:39,_ZN20BVTwoCreepUpdateBase15inelasticUpdateER18RankTwoTensorTemplIN11MetaPhysicL10DualNumberIdNS1_28SemiDynamicSparseNumberArrayIdmNS1_8NWrapperILm64EEEEELb1EEEERK19RankFourTensorTemplIdE
FN:74,_ZN20BVTwoCreepUpdateBase9returnMapEv
FN:102,_ZN20BVTwoCreepUpdateBase6nrStepERKSt6vectorIN11MetaPhysicL10DualNumberIdNS1_28SemiDynamicSparseNumberArrayIdmNS1_8NWrapperILm64EEEEELb1EEESaIS7_EERKS0_IS9_SaIS9_EERS9_
FN:121,_ZN20BVTwoCreepUpdateBase4normERKSt6vectorIN11MetaPhysicL10DualNumberIdNS1_28SemiDynamicSparseNumberArrayIdmNS1_8NWrapperILm64EEEEELb1EEESaIS7_EE
FN:131,_ZN20BVTwoCreepUpdateBase8residualERKSt6vectorIN11MetaPhysicL10DualNumberIdNS1_28SemiDynamicSparseNumberArrayIdmNS1_8NWrapperILm64EEEEELb1EEESaIS7_EE
FN:141,_ZN20BVTwoCreepUpdateBase8jacobianERKSt6vectorIN11MetaPhysicL10DualNumberIdNS1_28SemiDynamicSparseNumberArrayIdmNS1_8NWrapperILm64EEEEELb1EEESaIS7_EE
FN:153,_ZN20BVTwoCreepUpdateBase25reformPlasticStrainTensorERKSt6vectorIN11MetaPhysicL10DualNumberIdNS1_28SemiDynamicSparseNumberArrayIdmNS1_8NWrapperILm64EEEEELb1EEESaIS7_EE
FN:168,_ZN20BVTwoCreepUpdateBase12preReturnMapEv
FN:173,_ZN20BVTwoCreepUpdateBase13postReturnMapERKSt6vectorIN11MetaPhysicL10DualNumberIdNS1_28SemiDynamicSparseNumberArrayIdmNS1_8NWrapperILm64EEEEELb1EEESaIS7_EE
FNDA:404,_ZN20BVTwoCreepUpdateBase11validParamsEv
FNDA:6,_ZN20BVTwoCreepUpdateBaseC2ERK15InputParameters
FNDA:158720,_ZN20BVTwoCreepUpdateBase15inelasticUpdateER18RankTwoTensorTemplIN11MetaPhysicL10DualNumberIdNS1_28SemiDynamicSparseNumberArrayIdmNS1_8NWrapperILm64EEEEELb1EEEERK19RankFourTensorTemplIdE
FNDA:158720,_ZN20BVTwoCreepUpdateBase25reformPlasticStrainTensorERKSt6vectorIN11MetaPhysicL10DualNumberIdNS1_28SemiDynamicSparseNumberArrayIdmNS1_8NWrapperILm64EEEEELb1EEESaIS7_EE
FNDA:1298688,_ZN20BVTwoCreepUpdateBase8jacobianERKSt6vectorIN11MetaPhysicL10DualNumberIdNS1_28SemiDynamicSparseNumberArrayIdmNS1_8NWrapperILm64EEEEELb1EEESaIS7_EE
FNDA:3102464,_ZN20BVTwoCreepUpdateBase4normERKSt6vectorIN11MetaPhysicL10DualNumberIdNS1_28SemiDynamicSparseNumberArrayIdmNS1_8NWrapperILm64EEEEELb1EEESaIS7_EE
FNDA:1139968,_ZN20BVTwoCreepUpdateBase6nrStepERKSt6vectorIN11MetaPhysicL10DualNumberIdNS1_28SemiDynamicSparseNumberArrayIdmNS1_8NWrapperILm64EEEEELb1EEESaIS7_EERKS0_IS9_SaIS9_EERS9_
FNDA:1298688,_ZN20BVTwoCreepUpdateBase8residualERKSt6vectorIN11MetaPhysicL10DualNumberIdNS1_28SemiDynamicSparseNumberArrayIdmNS1_8NWrapperILm64EEEEELb1EEESaIS7_EE
FNDA:158720,_ZN20BVTwoCreepUpdateBase9returnMapEv
FNDA:0,_ZN20BVTwoCreepUpdateBase13postReturnMapERKSt6vectorIN11MetaPhysicL10DualNumberIdNS1_28SemiDynamicSparseNumberArrayIdmNS1_8NWrapperILm64EEEEELb1EEESaIS7_EE
FNDA:0,_ZN20BVTwoCreepUpdateBase12preReturnMapEv
FNF:11
FNH:9
DA:18,404
DA:20,404
DA:21,404
DA:22,808
DA:27,404
DA:28,0
DA:30,6
DA:32,6
DA:33,6
DA:34,12
DA:36,6
DA:39,158720
DA:50,158720
DA:52,317440
DA:53,158720
DA:55,158720
DA:56,158720
DA:59,158720
DA:62,158720
DA:65,158720
DA:68,158720
DA:69,317440
DA:70,158720
DA:71,158720
DA:74,158720
DA:77,158720
DA:80,158720
DA:82,158720
DA:83,158720
DA:86,1139968
DA:88,1139968
DA:90,1139968
DA:91,2279936
DA:94,5064960
DA:95,158720
DA:97,0
DA:98,0
DA:99,158720
DA:102,1139968
DA:106,1139968
DA:109,1139968
DA:111,1139968
DA:112,0
DA:114,1139968
DA:115,1139968
DA:117,1139968
DA:121,3102464
DA:123,3102464
DA:124,9307392
DA:125,6204928
DA:127,3102464
DA:131,1298688
DA:133,1298688
DA:134,3896064
DA:135,5194752
DA:137,1298688
DA:141,1298688
DA:143,1298688
DA:145,3896064
DA:146,7792128
DA:147,12986880
DA:149,1298688
DA:150,0
DA:153,158720
DA:155,158720
DA:156,158720
DA:159,158720
DA:161,476160
DA:162,634880
DA:164,158720
DA:168,0
DA:170,0
DA:173,0
DA:175,0
LF:74
LH:65
end_of_record
TN:
SF:/home/runner/work/beaver/beaver/src/meshgenerators/BVFaultInterfaceGenerator.C
FN:29,_ZN25BVFaultInterfaceGenerator11validParamsEv
FN:40,_ZN25BVFaultInterfaceGeneratorC2ERK15InputParameters
FN:50,_ZN25BVFaultInterfaceGenerator8generateEv
FN:97,_ZN25BVFaultInterfaceGenerator15getSidesetNodesERKSt6vectorIP10BndElementSaIS2_EERKSt3setIsSt4lessIsESaIsEE
FN:147,_ZN25BVFaultInterfaceGenerator21splitNodesOnInterfaceERKSt3mapIsSt3setImSt4lessImESaImEES2_IsESaISt4pairIKsS5_EEERSt10unique_ptrIN7libMesh8MeshBaseESt14default_deleteISG_EE
FN:179,_ZN25BVFaultInterfaceGenerator18stitchNodesToElemsERKSt3mapIsSt3setISt6vectorImSaImEESt4lessIS4_ESaIS4_EES5_IsESaISt4pairIKsS8_EEERS0_ImS4_S5_ImESaISA_IKmS4_EEERKS2_IP10BndElementSaISO_EERSt10unique_ptrIN7libMesh8MeshBaseESt14default_deleteISV_EE
FNDA:5,_ZN25BVFaultInterfaceGenerator8generateEv
FNDA:5,_ZN25BVFaultInterfaceGenerator21splitNodesOnInterfaceERKSt3mapIsSt3setImSt4lessImESaImEES2_IsESaISt4pairIKsS5_EEERSt10unique_ptrIN7libMesh8MeshBaseESt14default_deleteISG_EE
FNDA:142,_ZN25BVFaultInterfaceGenerator11validParamsEv
FNDA:5,_ZN25BVFaultInterfaceGeneratorC2ERK15InputParameters
FNDA:5,_ZN25BVFaultInterfaceGenerator18stitchNodesToElemsERKSt3mapIsSt3setISt6vectorImSaImEESt4lessIS4_ESaIS4_EES5_IsESaISt4pairIKsS8_EEERS0_ImS4_S5_ImESaISA_IKmS4_EEERKS2_IP10BndElementSaISO_EERSt10unique_ptrIN7libMesh8MeshBaseESt14default_deleteISV_EE
FNDA:5,_ZN25BVFaultInterfaceGenerator15getSidesetNodesERKSt6vectorIP10BndElementSaIS2_EERKSt3setIsSt4lessIsESaIsEE
FNF:6
FNH:6
DA:29,142
DA:31,142
DA:33,284
DA:34,142
DA:35,284
DA:37,142
DA:38,0
DA:40,5
DA:42,5
DA:43,15
DA:47,5
DA:50,5
DA:52,5
DA:56,2390
DA:57,5818
DA:58,4633
DA:63,10
DA:64,5
DA:67,5
DA:68,5
DA:71,5
DA:72,969
DA:74,964
DA:75,964
DA:76,964
DA:78,964
DA:79,964
DA:84,5
DA:88,5
DA:91,5
DA:93,10
DA:94,5
DA:97,5
DA:104,10
DA:107,969
DA:108,964
DA:110,294
DA:111,294
DA:114,294
DA:117,294
DA:118,147
DA:121,147
DA:123,573
DA:125,426
DA:126,426
DA:128,320
DA:129,320
DA:132,106
DA:133,426
DA:143,5
DA:147,5
DA:154,10
DA:156,5
DA:159,111
DA:162,106
DA:164,106
DA:165,106
DA:166,106
DA:168,106
DA:169,106
DA:170,106
DA:171,106
DA:175,5
DA:179,5
DA:186,10
DA:188,5
DA:190,111
DA:193,106
DA:194,106
DA:198,1822
DA:200,717204
DA:202,715488
DA:204,214800
DA:205,214800
DA:208,852
DA:210,852
DA:211,852
DA:214,852
DA:215,5
DA:216,10
DA:219,852
DA:220,852
DA:223,426
DA:224,426
DA:225,426
DA:233,1822
DA:237,864
DA:238,864
DA:239,864
DA:240,864
DA:241,864
DA:242,864
DA:245,442
DA:246,442
DA:252,5
LF:95
LH:94
end_of_record
TN:
SF:/usr/share/miniconda3/envs/moose/libmesh/include/Eigen/src/Core/DenseStorage.h
FNF:0
FNH:0
DA:621,0
LF:1
LH:0
end_of_record
TN:
SF:/usr/share/miniconda3/envs/moose/libmesh/include/Eigen/src/Core/Matrix.h
FNF:0
FNH:0
DA:178,0
LF:1
LH:0
end_of_record
TN:
SF:/usr/share/miniconda3/envs/moose/libmesh/include/Eigen/src/Core/util/Memory.h
FNF:0
FNH:0
DA:203,0
LF:1
LH:0
end_of_record
TN:
SF:/usr/share/miniconda3/envs/moose/libmesh/include/libmesh/dense_matrix.h
FN:99,_ZN7libMesh11DenseMatrixIdED2Ev
FN:99,_ZN7libMesh11DenseMatrixIdED0Ev
FN:126,_ZNK7libMesh11DenseMatrixIdE2elEjj
FN:130,_ZN7libMesh11DenseMatrixIdE2elEjj
FN:911,_ZN7libMesh11DenseMatrixIdE4zeroEv
FNDA:0,_ZN7libMesh11DenseMatrixIdE2elEjj
FNDA:0,_ZNK7libMesh11DenseMatrixIdE2elEjj
FNDA:0,_ZN7libMesh11DenseMatrixIdED0Ev
FNDA:56,_ZN7libMesh11DenseMatrixIdED2Ev
FNDA:0,_ZN7libMesh11DenseMatrixIdE4zeroEv
FNF:5
FNH:1
DA:99,56
DA:126,0
DA:128,0
DA:130,0
DA:132,0
DA:911,0
DA:913,0
DA:916,0
DA:962,0
DA:977,0
LF:10
LH:1
end_of_record
TN:
SF:/usr/share/miniconda3/envs/moose/libmesh/include/libmesh/dense_vector.h
FN:102,_ZN7libMesh11DenseVectorIdED0Ev
FN:102,_ZN7libMesh11DenseVectorIdED2Ev
FN:104,_ZNK7libMesh11DenseVectorIdE4sizeEv
FN:109,_ZNK7libMesh11DenseVectorIdE5emptyEv
FN:124,_ZNK7libMesh11DenseVectorIdE2elEj
FN:127,_ZN7libMesh11DenseVectorIdE2elEj
FN:398,_ZN7libMesh11DenseVectorIdE4zeroEv
FNDA:0,_ZN7libMesh11DenseVectorIdED0Ev
FNDA:0,_ZNK7libMesh11DenseVectorIdE5emptyEv
FNDA:0,_ZNK7libMesh11DenseVectorIdE2elEj
FNDA:0,_ZN7libMesh11DenseVectorIdE2elEj
FNDA:0,_ZN7libMesh11DenseVectorIdED2Ev
FNDA:0,_ZN7libMesh11DenseVectorIdE4zeroEv
FNDA:0,_ZNK7libMesh11DenseVectorIdE4sizeEv
FNF:7
FNH:0
DA:102,0
DA:104,0
DA:106,0
DA:109,0
DA:110,0
DA:124,0
DA:125,0
DA:127,0
DA:128,0
DA:398,0
DA:403,0
DA:413,0
DA:424,0
LF:13
LH:0
end_of_record
TN:
SF:/usr/share/miniconda3/envs/moose/libmesh/include/libmesh/distributed_mesh.h
FN:264,_ZNK7libMesh15DistributedMesh7n_nodesEv
FN:349,_ZN7libMesh15DistributedMesh24active_element_ptr_rangeEv
FNDA:0,_ZNK7libMesh15DistributedMesh7n_nodesEv
FNDA:0,_ZN7libMesh15DistributedMesh24active_element_ptr_rangeEv
FNF:2
FNH:0
DA:264,0
DA:349,0
LF:2
LH:0
end_of_record
TN:
SF:/usr/share/miniconda3/envs/moose/libmesh/include/libmesh/dof_object.h
FN:73,_ZN7libMesh9DofObjectD2Ev
FN:725,_ZN7libMesh9DofObjectC2Ev
FN:749,_ZN7libMesh9DofObject15invalidate_dofsEj
FN:953,_ZNK7libMesh9DofObject12n_var_groupsEj
FN:1256,_ZNK7libMesh9DofObject7end_idxEj
FNDA:106,_ZN7libMesh9DofObjectC2Ev
FNDA:0,_ZNK7libMesh9DofObject7end_idxEj
FNDA:0,_ZNK7libMesh9DofObject12n_var_groupsEj
FNDA:106,_ZN7libMesh9DofObject15invalidate_dofsEj
FNDA:0,_ZN7libMesh9DofObjectD2Ev
FNF:5
FNH:2
DA:73,0
DA:200,106
DA:725,106
DA:727,106
DA:729,106
DA:730,106
DA:733,106
DA:749,106
DA:753,106
DA:755,106
DA:756,0
DA:757,0
DA:762,0
DA:763,0
DA:765,106
DA:788,106
DA:828,225137
DA:919,106
DA:935,106
DA:936,0
DA:937,106
DA:945,0
DA:946,0
DA:947,0
DA:953,0
DA:957,0
DA:1022,0
DA:1250,0
DA:1256,0
DA:1261,0
DA:1263,0
DA:1305,0
DA:1308,0
LF:33
LH:15
end_of_record
TN:
SF:/usr/share/miniconda3/envs/moose/libmesh/include/libmesh/elem.h
FN:576,_ZNK7libMesh4Elem9is_remoteEv
FN:634,_ZNK7libMesh4Elem16n_nodes_in_childEj
FN:720,_ZNK7libMesh4Elem18is_vertex_on_childEjj
FN:931,_ZNK7libMesh4Elem18default_side_orderEv
FN:975,_ZNK7libMesh4Elem17quasicircumcenterEv
FN:1035,_ZNK7libMesh4Elem11qual_boundsENS_11ElemQualityE
FN:1075,_ZNK7libMesh4Elem14has_affine_mapEv
FN:1091,_ZNK7libMesh4Elem9is_linearEv
FN:1709,_ZNK7libMesh4Elem19local_singular_nodeERKNS_5PointEd
FN:1716,_ZNK7libMesh4Elem16is_singular_nodeEj
FN:1917,_ZNK7libMesh4Elem24embedding_matrix_versionEv
FN:2076,_ZNK7libMesh4Elem26_get_bracketing_node_cacheEv
FN:2090,_ZNK7libMesh4Elem25_get_parent_indices_cacheEv
FN:2336,_ZNK7libMesh4Elem10local_nodeEm
FN:2406,_ZN7libMesh4Elem8set_nodeEj
FNDA:0,_ZNK7libMesh4Elem26_get_bracketing_node_cacheEv
FNDA:0,_ZNK7libMesh4Elem16is_singular_nodeEj
FNDA:0,_ZNK7libMesh4Elem9is_remoteEv
FNDA:0,_ZN7libMesh4Elem8set_nodeEj
FNDA:1732,_ZNK7libMesh4Elem10local_nodeEm
FNDA:0,_ZNK7libMesh4Elem17quasicircumcenterEv
FNDA:0,_ZNK7libMesh4Elem9is_linearEv
FNDA:0,_ZNK7libMesh4Elem25_get_parent_indices_cacheEv
FNDA:0,_ZNK7libMesh4Elem16n_nodes_in_childEj
FNDA:0,_ZNK7libMesh4Elem19local_singular_nodeERKNS_5PointEd
FNDA:0,_ZNK7libMesh4Elem18is_vertex_on_childEjj
FNDA:0,_ZNK7libMesh4Elem24embedding_matrix_versionEv
FNDA:0,_ZNK7libMesh4Elem18default_side_orderEv
FNDA:0,_ZNK7libMesh4Elem14has_affine_mapEv
FNDA:0,_ZNK7libMesh4Elem11qual_boundsENS_11ElemQualityE
FNF:15
FNH:1
DA:576,0
DA:577,0
DA:634,0
DA:635,0
DA:720,0
DA:722,0
DA:931,0
DA:975,0
DA:976,0
DA:1035,0
DA:1036,0
DA:1075,0
DA:1091,0
DA:1709,0
DA:1710,0
DA:1716,0
DA:1917,0
DA:2076,0
DA:2078,0
DA:2079,0
DA:2090,0
DA:2092,0
DA:2093,0
DA:2318,864
DA:2330,8765
DA:2336,1732
DA:2338,4137
DA:2339,4137
DA:2372,426
DA:2406,0
DA:2410,0
DA:2418,0
DA:2446,1146
LF:33
LH:7
end_of_record
TN:
SF:/usr/share/miniconda3/envs/moose/libmesh/include/libmesh/int_range.h
FNF:0
FNH:0
DA:64,2405
DA:65,2405
LF:2
LH:2
end_of_record
TN:
SF:/usr/share/miniconda3/envs/moose/libmesh/include/libmesh/libmesh_common.h
FNF:0
FNH:0
DA:618,0
LF:1
LH:0
end_of_record
TN:
SF:/usr/share/miniconda3/envs/moose/libmesh/include/libmesh/libmesh_exceptions.h
FN:51,_ZN7libMesh14NotImplementedC2ENSt7__cxx1112basic_stringIcSt11char_traitsIcESaIcEEE
FNDA:0,_ZN7libMesh14NotImplementedC2ENSt7__cxx1112basic_stringIcSt11char_traitsIcESaIcEEE
FNF:1
FNH:0
DA:39,0
DA:51,0
LF:2
LH:0
end_of_record
TN:
SF:/usr/share/miniconda3/envs/moose/libmesh/include/libmesh/mesh_base.h
FNF:0
FNH:0
DA:2124,10
LF:1
LH:1
end_of_record
TN:
SF:/usr/share/miniconda3/envs/moose/libmesh/include/libmesh/node.h
FN:272,_ZN7libMesh4NodeC2ERKNS_5PointEm
FNDA:106,_ZN7libMesh4NodeC2ERKNS_5PointEm
FNF:1
FNH:1
DA:272,106
DA:273,106
DA:277,106
DA:284,106
DA:285,106
DA:286,106
DA:293,0
DA:328,106
LF:8
LH:7
end_of_record
TN:
SF:/usr/share/miniconda3/envs/moose/libmesh/include/libmesh/parallel_object.h
FNF:0
FNH:0
DA:91,312
LF:1
LH:1
end_of_record
TN:
SF:/usr/share/miniconda3/envs/moose/libmesh/include/libmesh/parameters.h
FN:85,_ZN7libMesh10ParametersD0Ev
FN:85,_ZN7libMesh10ParametersD2Ev
FN:138,_ZN7libMesh10Parameters14set_attributesERKNSt7__cxx1112basic_stringIcSt11char_traitsIcESaIcEEEb
FN:295,_ZNK7libMesh10Parameters9ParameterI9MooseEnumE4typeB5cxx11Ev
FN:295,_ZNK7libMesh10Parameters9ParameterISt6vectorI21NonlinearVariableNameSaIS3_EEE4typeB5cxx11Ev
FN:295,_ZNK7libMesh10Parameters9ParameterISt6vectorI12MaterialNameSaIS3_EEE4typeB5cxx11Ev
FN:295,_ZNK7libMesh10Parameters9ParameterISt6vectorI12FunctionNameSaIS3_EEE4typeB5cxx11Ev
FN:295,_ZNK7libMesh10Parameters9ParameterI17MeshGeneratorNameE4typeB5cxx11Ev
FN:295,_ZNK7libMesh10Parameters9ParameterI21NonlinearVariableNameE4typeB5cxx11Ev
FN:295,_ZNK7libMesh10Parameters9ParameterINS_11VectorValueIdEEE4typeB5cxx11Ev
FN:295,_ZNK7libMesh10Parameters9ParameterI12MaterialNameE4typeB5cxx11Ev
FN:295,_ZNK7libMesh10Parameters9ParameterIdE4typeB5cxx11Ev
FN:295,_ZNK7libMesh10Parameters9ParameterINSt7__cxx1112basic_stringIcSt11char_traitsIcESaIcEEEE4typeEv
FN:295,_ZNK7libMesh10Parameters9ParameterISt6vectorI12BoundaryNameSaIS3_EEE4typeB5cxx11Ev
FN:295,_ZNK7libMesh10Parameters9ParameterIP13FEProblemBaseE4typeB5cxx11Ev
FN:295,_ZNK7libMesh10Parameters9ParameterIbE4typeB5cxx11Ev
FN:295,_ZNK7libMesh10Parameters9ParameterItE4typeB5cxx11Ev
FN:295,_ZNK7libMesh10Parameters9ParameterI14UserObjectNameE4typeB5cxx11Ev
FN:295,_ZNK7libMesh10Parameters9ParameterI12FunctionNameE4typeB5cxx11Ev
FN:295,_ZNK7libMesh10Parameters9ParameterIjE4typeB5cxx11Ev
FN:303,_ZNK7libMesh10Parameters9ParameterI9MooseEnumE5printERSo
FN:303,_ZNK7libMesh10Parameters9ParameterI12MaterialNameE5printERSo
FN:303,_ZNK7libMesh10Parameters9ParameterIjE5printERSo
FN:303,_ZNK7libMesh10Parameters9ParameterI17MeshGeneratorNameE5printERSo
FN:303,_ZNK7libMesh10Parameters9ParameterItE5printERSo
FN:303,_ZNK7libMesh10Parameters9ParameterISt6vectorI12FunctionNameSaIS3_EEE5printERSo
FN:303,_ZNK7libMesh10Parameters9ParameterI12FunctionNameE5printERSo
FN:303,_ZNK7libMesh10Parameters9ParameterIP13FEProblemBaseE5printERSo
FN:303,_ZNK7libMesh10Parameters9ParameterINSt7__cxx1112basic_stringIcSt11char_traitsIcESaIcEEEE5printERSo
FN:303,_ZNK7libMesh10Parameters9ParameterIbE5printERSo
FN:303,_ZNK7libMesh10Parameters9ParameterISt6vectorI12MaterialNameSaIS3_EEE5printERSo
FN:303,_ZNK7libMesh10Parameters9ParameterISt6vectorI21NonlinearVariableNameSaIS3_EEE5printERSo
FN:303,_ZNK7libMesh10Parameters9ParameterIdE5printERSo
FN:303,_ZNK7libMesh10Parameters9ParameterI21NonlinearVariableNameE5printERSo
FN:303,_ZNK7libMesh10Parameters9ParameterISt6vectorI12BoundaryNameSaIS3_EEE5printERSo
FN:303,_ZNK7libMesh10Parameters9ParameterI14UserObjectNameE5printERSo
FN:303,_ZNK7libMesh10Parameters9ParameterINS_11VectorValueIdEEE5printERSo
FN:311,_ZNK7libMesh10Parameters9ParameterISt6vectorI12FunctionNameSaIS3_EEE5cloneEv
FN:311,_ZNK7libMesh10Parameters9ParameterINSt7__cxx1112basic_stringIcSt11char_traitsIcESaIcEEEE5cloneEv
FN:311,_ZNK7libMesh10Parameters9ParameterI17MeshGeneratorNameE5cloneEv
FN:311,_ZNK7libMesh10Parameters9ParameterIbE5cloneEv
FN:311,_ZNK7libMesh10Parameters9ParameterISt6vectorI12MaterialNameSaIS3_EEE5cloneEv
FN:311,_ZNK7libMesh10Parameters9ParameterI12MaterialNameE5cloneEv
FN:311,_ZNK7libMesh10Parameters9ParameterI12FunctionNameE5cloneEv
FN:311,_ZNK7libMesh10Parameters9ParameterISt6vectorI12BoundaryNameSaIS3_EEE5cloneEv
FN:311,_ZNK7libMesh10Parameters9ParameterINS_11VectorValueIdEEE5cloneEv
FN:311,_ZNK7libMesh10Parameters9ParameterI21NonlinearVariableNameE5cloneEv
FN:311,_ZNK7libMesh10Parameters9ParameterIP13FEProblemBaseE5cloneEv
FN:311,_ZNK7libMesh10Parameters9ParameterIdE5cloneEv
FN:311,_ZNK7libMesh10Parameters9ParameterI14UserObjectNameE5cloneEv
FN:311,_ZNK7libMesh10Parameters9ParameterItE5cloneEv
FN:311,_ZNK7libMesh10Parameters9ParameterISt6vectorI21NonlinearVariableNameSaIS3_EEE5cloneEv
FN:311,_ZNK7libMesh10Parameters9ParameterI9MooseEnumE5cloneEv
FN:311,_ZNK7libMesh10Parameters9ParameterIjE5cloneEv
FN:324,_ZN7libMesh10Parameters5clearEv
FN:332,_ZN7libMesh10ParametersaSERKS0_
FN:341,_ZN7libMesh10ParameterspLERKS0_
FN:360,_ZNK7libMesh10Parameters5printERSo
FN:395,_ZNK7libMesh10Parameters14have_parameterI9MooseEnumEEbSt17basic_string_viewIcSt11char_traitsIcEE
FN:395,_ZNK7libMesh10Parameters14have_parameterI14UserObjectNameEEbSt17basic_string_viewIcSt11char_traitsIcEE
FN:395,_ZNK7libMesh10Parameters14have_parameterItEEbSt17basic_string_viewIcSt11char_traitsIcEE
FN:395,_ZNK7libMesh10Parameters14have_parameterI12FunctionNameEEbSt17basic_string_viewIcSt11char_traitsIcEE
FN:395,_ZNK7libMesh10Parameters14have_parameterIjEEbSt17basic_string_viewIcSt11char_traitsIcEE
FN:395,_ZNK7libMesh10Parameters14have_parameterI20MaterialPropertyNameEEbSt17basic_string_viewIcSt11char_traitsIcEE
FN:395,_ZNK7libMesh10Parameters14have_parameterISt6vectorI12FunctionNameSaIS3_EEEEbSt17basic_string_viewIcSt11char_traitsIcEE
FN:395,_ZNK7libMesh10Parameters14have_parameterI21NonlinearVariableNameEEbSt17basic_string_viewIcSt11char_traitsIcEE
FN:395,_ZNK7libMesh10Parameters14have_parameterISt6vectorI12BoundaryNameSaIS3_EEEEbSt17basic_string_viewIcSt11char_traitsIcEE
FN:395,_ZNK7libMesh10Parameters14have_parameterIdEEbSt17basic_string_viewIcSt11char_traitsIcEE
FN:395,_ZNK7libMesh10Parameters14have_parameterI17MeshGeneratorNameEEbSt17basic_string_viewIcSt11char_traitsIcEE
FN:395,_ZNK7libMesh10Parameters14have_parameterIbEEbSt17basic_string_viewIcSt11char_traitsIcEE
FN:395,_ZNK7libMesh10Parameters14have_parameterISt6vectorI21NonlinearVariableNameSaIS3_EEEEbSt17basic_string_viewIcSt11char_traitsIcEE
FN:395,_ZNK7libMesh10Parameters14have_parameterISt6vectorI12MaterialNameSaIS3_EEEEbSt17basic_string_viewIcSt11char_traitsIcEE
FN:395,_ZNK7libMesh10Parameters14have_parameterI12MaterialNameEEbSt17basic_string_viewIcSt11char_traitsIcEE
FN:395,_ZNK7libMesh10Parameters14have_parameterINS_11VectorValueIdEEEEbSt17basic_string_viewIcSt11char_traitsIcEE
FN:395,_ZNK7libMesh10Parameters14have_parameterINSt7__cxx1112basic_stringIcSt11char_traitsIcESaIcEEEEEbSt17basic_string_viewIcS5_E
FN:426,_ZNK7libMesh10Parameters3getINS_11VectorValueIdEEEERKT_St17basic_string_viewIcSt11char_traitsIcEE
FN:426,_ZNK7libMesh10Parameters3getIbEERKT_St17basic_string_viewIcSt11char_traitsIcEE
FN:426,_ZNK7libMesh10Parameters3getI12MaterialNameEERKT_St17basic_string_viewIcSt11char_traitsIcEE
FN:426,_ZNK7libMesh10Parameters3getItEERKT_St17basic_string_viewIcSt11char_traitsIcEE
FN:426,_ZNK7libMesh10Parameters3getIdEERKT_St17basic_string_viewIcSt11char_traitsIcEE
FN:426,_ZNK7libMesh10Parameters3getISt6vectorI12BoundaryNameSaIS3_EEEERKT_St17basic_string_viewIcSt11char_traitsIcEE
FN:426,_ZNK7libMesh10Parameters3getINSt7__cxx1112basic_stringIcSt11char_traitsIcESaIcEEEEERKT_St17basic_string_viewIcS5_E
FN:426,_ZNK7libMesh10Parameters3getISt6vectorI21NonlinearVariableNameSaIS3_EEEERKT_St17basic_string_viewIcSt11char_traitsIcEE
FN:426,_ZNK7libMesh10Parameters3getIjEERKT_St17basic_string_viewIcSt11char_traitsIcEE
FN:426,_ZNK7libMesh10Parameters3getISt6vectorI12MaterialNameSaIS3_EEEERKT_St17basic_string_viewIcSt11char_traitsIcEE
FN:426,_ZNK7libMesh10Parameters3getI20MaterialPropertyNameEERKT_St17basic_string_viewIcSt11char_traitsIcEE
FN:426,_ZNK7libMesh10Parameters3getISt6vectorI12FunctionNameSaIS3_EEEERKT_St17basic_string_viewIcSt11char_traitsIcEE
FN:458,_ZN7libMesh10Parameters6insertIdEEvRKNSt7__cxx1112basic_stringIcSt11char_traitsIcESaIcEEE
FN:458,_ZN7libMesh10Parameters6insertI12FunctionNameEEvRKNSt7__cxx1112basic_stringIcSt11char_traitsIcESaIcEEE
[...]
FNDA:13,_ZSt11make_uniqueI20BVStressComponentAuxJRK15InputParametersEENSt8__detail9_MakeUniqIT_E15__single_objectEDpOT0_
FNDA:13,_ZNSt10unique_ptrI20BVStressComponentAuxSt14default_deleteIS0_EED2Ev
FNDA:0,_ZNSt10unique_ptrIA_18RankTwoTensorTemplIN11MetaPhysicL10DualNumberIdNS1_28SemiDynamicSparseNumberArrayIdmNS1_8NWrapperILm64EEEEELb1EEEESt14default_deleteIS9_EED2Ev
FNDA:0,_ZSt11make_uniqueI16MaterialPropertyIdEJRKjEENSt8__detail9_MakeUniqIT_E15__single_objectEDpOT0_
FNDA:4,_ZSt11make_uniqueI29BVMechanicalInterfaceMaterialJRK15InputParametersEENSt8__detail9_MakeUniqIT_E15__single_objectEDpOT0_
FNDA:0,_ZNSt10unique_ptrI19AppFactoryBuildInfoI9BeaverAppESt14default_deleteIS2_EED2Ev
FNDA:24,_ZSt11make_uniqueI17BVFluidPropertiesJRK15InputParametersEENSt8__detail9_MakeUniqIT_E15__single_objectEDpOT0_
FNDA:0,_ZNKSt14default_deleteIA_N5Eigen6MatrixIdLin1ELi1ELi0ELin1ELi1EEEEclIS2_EENSt9enable_ifIXsrSt14is_convertibleIPA_T_PS3_E5valueEvE4typeEPS8_
FNDA:0,_ZSt11make_uniqueIN7libMesh10Parameters9ParameterINSt7__cxx1112basic_stringIcSt11char_traitsIcESaIcEEEEEJEENSt8__detail9_MakeUniqIT_E15__single_objectEDpOT0_
FNDA:6,_ZNSt10unique_ptrI24BVConstantFrictionUpdateSt14default_deleteIS0_EED2Ev
FNDA:0,_ZSt11make_uniqueI16MaterialPropertyI18RankTwoTensorTemplIdEEJjEENSt8__detail9_MakeUniqIT_E15__single_objectEDpOT0_
FNDA:0,_ZSt11make_uniqueIN7libMesh10Parameters9ParameterI17MeshGeneratorNameEEJEENSt8__detail9_MakeUniqIT_E15__single_objectEDpOT0_
FNDA:3,_ZNSt10unique_ptrI26BVKelvinViscoelasticUpdateSt14default_deleteIS0_EED2Ev
FNDA:0,_ZNSt10unique_ptrI33OptionalMaterialPropertyProxyBaseI25MaterialPropertyInterfaceESt14default_deleteIS2_EED2Ev
FNDA:10,_ZSt11make_uniqueI21BVMechanicalInterfaceJRK15InputParametersEENSt8__detail9_MakeUniqIT_E15__single_objectEDpOT0_
FNDA:0,_ZNKSt14default_deleteI10MooseArrayIdEEclEPS1_
FNDA:0,_ZNKSt14default_deleteI10MooseArrayIN7libMesh11VectorValueIdEEEEclEPS4_
FNDA:0,_ZSt11make_uniqueI18ADMaterialPropertyIdEJRKjEENSt8__detail9_MakeUniqIT_E15__single_objectEDpOT0_
FNDA:4,_ZSt11make_uniqueI16BVMisesStressAuxJRK15InputParametersEENSt8__detail9_MakeUniqIT_E15__single_objectEDpOT0_
FNDA:0,_ZNSt10unique_ptrIN7libMesh10Parameters9ParameterISt6vectorI12BoundaryNameSaIS4_EEEESt14default_deleteIS7_EED2Ev
FNDA:0,_ZNSt10unique_ptrIN7libMesh10Parameters9ParameterISt6vectorI12MaterialNameSaIS4_EEEESt14default_deleteIS7_EED2Ev
FNDA:0,_ZNSt10unique_ptrI10MooseArrayIdESt14default_deleteIS1_EED2Ev
FNDA:0,_ZNSt10unique_ptrIN7libMesh10Parameters5ValueESt14default_deleteIS2_EEaSINS1_9ParameterI21NonlinearVariableNameEES3_IS9_EEENSt9enable_ifIXsrSt6__and_IJSC_IJSt14is_convertibleINS_IT_T0_E7pointerEPS2_ESt6__not_ISt8is_arrayISE_EEEESt13is_assignableIRS4_OSF_EEE5valueERS5_E4typeEOSG_
FNDA:0,_ZSt11make_uniqueI16MaterialPropertyIN7libMesh11VectorValueIdEEEJRKjEENSt8__detail9_MakeUniqIT_E15__single_objectEDpOT0_
FNDA:0,_ZSt11make_uniqueIN7libMesh10Parameters9ParameterISt6vectorI12BoundaryNameSaIS4_EEEEJEENSt8__detail9_MakeUniqIT_E15__single_objectEDpOT0_
FNDA:3,_ZNSt10unique_ptrI27BVSinglePhaseTimeDerivativeSt14default_deleteIS0_EED2Ev
FNDA:0,_ZSt11make_uniqueI30BVRelativePermeabilityPowerLawJRK15InputParametersEENSt8__detail9_MakeUniqIT_E15__single_objectEDpOT0_
FNDA:0,_ZNSt10unique_ptrI27BVCapillaryPressurePowerLawSt14default_deleteIS0_EED2Ev
FNDA:3,_ZNSt10unique_ptrI22BVFaultNormalStressAuxSt14default_deleteIS0_EED2Ev
FNDA:3,_ZSt11make_uniqueI20BVFVSinglePhaseDarcyJRK15InputParametersEENSt8__detail9_MakeUniqIT_E15__single_objectEDpOT0_
FNDA:594,_ZNSt10unique_ptrIA_N7libMesh11TensorValueIdEESt14default_deleteIS3_EED2Ev
FNDA:3,_ZNSt10unique_ptrI27BVMaxwellViscoelasticUpdateSt14default_deleteIS0_EED2Ev
FNDA:0,_ZNSt10unique_ptrIN7libMesh10Parameters5ValueESt14default_deleteIS2_EEaSINS1_9ParameterIjEES3_IS8_EEENSt9enable_ifIXsrSt6__and_IJSB_IJSt14is_convertibleINS_IT_T0_E7pointerEPS2_ESt6__not_ISt8is_arrayISD_EEEESt13is_assignableIRS4_OSE_EEE5valueERS5_E4typeEOSF_
FNDA:3,_ZNSt10unique_ptrI19BVBurgerModelUpdateSt14default_deleteIS0_EED2Ev
FNDA:0,_ZSt11make_uniqueI16MaterialPropertyIN7libMesh11VectorValueIdEEEJjEENSt8__detail9_MakeUniqIT_E15__single_objectEDpOT0_
FNDA:43,_ZNSt10unique_ptrI18BVStressDivergenceSt14default_deleteIS0_EED2Ev
FNDA:0,_ZNSt10unique_ptrI27BVFVMultiPhasePressureDarcySt14default_deleteIS0_EED2Ev
FNDA:0,_ZNSt10unique_ptrI33OptionalMaterialPropertyProxyBaseI8MaterialESt14default_deleteIS2_EED2Ev
FNDA:0,_ZNSt10unique_ptrI16MaterialPropertyI18RankTwoTensorTemplIdEESt14default_deleteIS3_EED2Ev
FNDA:0,_ZNKSt14default_deleteIA_N7libMesh11TensorValueIN11MetaPhysicL10DualNumberIdNS2_28SemiDynamicSparseNumberArrayIdmNS2_8NWrapperILm64EEEEELb1EEEEEEclIS9_EENSt9enable_ifIXsrSt14is_convertibleIPA_T_PSA_E5valueEvE4typeEPSF_
FNDA:0,_ZNSt10unique_ptrIN7libMesh10Parameters9ParameterI12FunctionNameEESt14default_deleteIS4_EED2Ev
FNDA:8,_ZNSt10unique_ptrI18BVDarcyVelocityAuxSt14default_deleteIS0_EED2Ev
FNDA:0,_ZSt11make_uniqueIN7libMesh10Parameters9ParameterIbEEJEENSt8__detail9_MakeUniqIT_E15__single_objectEDpOT0_
FNDA:5,_ZNSt10unique_ptrI18BVSinglePhaseDarcySt14default_deleteIS0_EED2Ev
FNDA:0,_ZNSt10unique_ptrI29BVFVMultiPhaseSaturationDarcySt14default_deleteIS0_EED2Ev
FNDA:0,_ZSt11make_uniqueI31BVSinglePhaseFlowSoluteMaterialJRK15InputParametersEENSt8__detail9_MakeUniqIT_E15__single_objectEDpOT0_
FNDA:10,_ZSt11make_uniqueI20BVStrainComponentAuxJRK15InputParametersEENSt8__detail9_MakeUniqIT_E15__single_objectEDpOT0_
FNDA:3,_ZSt11make_uniqueI27BVMaxwellViscoelasticUpdateJRK15InputParametersEENSt8__detail9_MakeUniqIT_E15__single_objectEDpOT0_
FNDA:12,_ZNSt10unique_ptrI18BVConstantPorositySt14default_deleteIS0_EED2Ev
FNDA:3,_ZSt11make_uniqueI19BVBurgerModelUpdateJRK15InputParametersEENSt8__detail9_MakeUniqIT_E15__single_objectEDpOT0_
FNDA:0,_ZNKSt14default_deleteIA_N5Eigen6MatrixIdLin1ELi3ELi0ELin1ELi3EEEEclIS2_EENSt9enable_ifIXsrSt14is_convertibleIPA_T_PS3_E5valueEvE4typeEPS8_
FNDA:0,_ZNSt10unique_ptrIN7libMesh10Parameters5ValueESt14default_deleteIS2_EEaSINS1_9ParameterI14UserObjectNameEES3_IS9_EEENSt9enable_ifIXsrSt6__and_IJSC_IJSt14is_convertibleINS_IT_T0_E7pointerEPS2_ESt6__not_ISt8is_arrayISE_EEEESt13is_assignableIRS4_OSF_EEE5valueERS5_E4typeEOSG_
FNDA:0,_ZSt11make_uniqueI16MaterialPropertyI18RankTwoTensorTemplIdEEJRKjEENSt8__detail9_MakeUniqIT_E15__single_objectEDpOT0_
FNDA:0,_ZSt11make_uniqueIN7libMesh10Parameters9ParameterI9MooseEnumEEJEENSt8__detail9_MakeUniqIT_E15__single_objectEDpOT0_
FNDA:6,_ZSt11make_uniqueI24BVConstantFrictionUpdateJRK15InputParametersEENSt8__detail9_MakeUniqIT_E15__single_objectEDpOT0_
FNDA:0,_ZSt11make_uniqueI26BVFVSinglePhaseSoluteDarcyJRK15InputParametersEENSt8__detail9_MakeUniqIT_E15__single_objectEDpOT0_
FNDA:3,_ZNSt10unique_ptrI19BVLubby2ModelUpdateSt14default_deleteIS0_EED2Ev
FNDA:0,_ZSt11make_uniqueIN7libMesh10Parameters9ParameterI12FunctionNameEEJEENSt8__detail9_MakeUniqIT_E15__single_objectEDpOT0_
FNDA:297,_ZNSt10unique_ptrIA_N7libMesh11VectorValueIN11MetaPhysicL10DualNumberIdNS2_28SemiDynamicSparseNumberArrayIdmNS2_8NWrapperILm64EEEEELb1EEEEESt14default_deleteISA_EED2Ev
FNDA:0,_ZNKSt14default_deleteIA_N7libMesh11VectorValueIN11MetaPhysicL10DualNumberIdNS2_28SemiDynamicSparseNumberArrayIdmNS2_8NWrapperILm64EEEEELb1EEEEEEclIS9_EENSt9enable_ifIXsrSt14is_convertibleIPA_T_PSA_E5valueEvE4typeEPSF_
FNDA:0,_ZSt11make_uniqueI24BVMultiPhaseFlowMaterialJRK15InputParametersEENSt8__detail9_MakeUniqIT_E15__single_objectEDpOT0_
FNDA:0,_ZNSt10unique_ptrI35BVFVSinglePhaseSoluteTimeDerivativeSt14default_deleteIS0_EED2Ev
FNDA:0,_ZNSt10unique_ptrIA_N11MetaPhysicL10DualNumberIdNS0_28SemiDynamicSparseNumberArrayIdmNS0_8NWrapperILm64EEEEELb1EEESt14default_deleteIS7_EED2Ev
FNDA:0,_ZNSt10unique_ptrIA_18RankTwoTensorTemplIdESt14default_deleteIS2_EED2Ev
FNDA:5,_ZSt11make_uniqueI18BVSinglePhaseDarcyJRK15InputParametersEENSt8__detail9_MakeUniqIT_E15__single_objectEDpOT0_
FNDA:30,_ZNSt10unique_ptrI22BVConstantPermeabilitySt14default_deleteIS0_EED2Ev
FNF:197
FNH:77
DA:89,0
DA:95,1022
DA:96,1022
DA:128,0
DA:132,0
DA:133,0
DA:168,574
DA:178,10
DA:181,0
DA:185,0
DA:191,8461
DA:200,154
DA:201,154
DA:202,14
DA:203,0
DA:209,569
DA:210,420
DA:235,0
DA:353,0
DA:390,1606
DA:395,1606
DA:396,0
DA:398,1606
DA:422,154
DA:426,154
DA:665,2079
DA:668,2079
DA:669,0
DA:671,2079
DA:1064,569
DA:1065,569
LF:31
LH:20
end_of_record
TN:
SF:/usr/share/miniconda3/envs/moose/x86_64-conda-linux-gnu/include/c++/12.3.0/bits/unordered_map.h
FNF:0
FNH:0
DA:102,52
DA:980,0
LF:2
LH:1
end_of_record
TN:
SF:/usr/share/miniconda3/envs/moose/x86_64-conda-linux-gnu/include/c++/12.3.0/bits/unordered_set.h
FNF:0
FNH:0
DA:426,0
LF:1
LH:0
end_of_record
TN:
SF:/usr/share/miniconda3/envs/moose/x86_64-conda-linux-gnu/include/c++/12.3.0/bits/vector.tcc
FN:67,_ZNSt6vectorIP10BndElementSaIS1_EE7reserveEm
FN:111,_ZNSt6vectorISt10unique_ptrI13PropertyValueSt14default_deleteIS1_EESaIS4_EE12emplace_backIJS0_I18ADMaterialPropertyIdES2_IS9_EEEEERS4_DpOT_
FN:111,_ZNSt6vectorISt10shared_ptrI17RegistryEntryBaseESaIS2_EE12emplace_backIJS2_EEERS2_DpOT_
FN:111,_ZNSt6vectorISt10unique_ptrI13PropertyValueSt14default_deleteIS1_EESaIS4_EE12emplace_backIJS0_I18ADMaterialPropertyIN7libMesh11VectorValueIdEEES2_ISC_EEEEERS4_DpOT_
FN:111,_ZNSt6vectorISt10unique_ptrI13PropertyValueSt14default_deleteIS1_EESaIS4_EE12emplace_backIJS0_I16MaterialPropertyIdES2_IS9_EEEEERS4_DpOT_
FN:111,_ZNSt6vectorISt10unique_ptrI13PropertyValueSt14default_deleteIS1_EESaIS4_EE12emplace_backIJS0_I16MaterialPropertyIN7libMesh11VectorValueIdEEES2_ISC_EEEEERS4_DpOT_
FN:111,_ZNSt6vectorImSaImEE12emplace_backIJmEEERmDpOT_
FN:111,_ZNSt6vectorIP10BndElementSaIS1_EE12emplace_backIJS1_EEERS1_DpOT_
FN:204,_ZNSt6vectorI12FunctionNameSaIS0_EEaSERKS2_
FN:204,_ZNSt6vectorI12BoundaryNameSaIS0_EEaSERKS2_
FN:204,_ZNSt6vectorI12MaterialNameSaIS0_EEaSERKS2_
FN:204,_ZNSt6vectorI21NonlinearVariableNameSaIS0_EEaSERKS2_
FN:439,_ZNSt6vectorImSaImEE17_M_realloc_insertIJmEEEvN9__gnu_cxx17__normal_iteratorIPmS1_EEDpOT_
FN:439,_ZNSt6vectorISt10shared_ptrI17RegistryEntryBaseESaIS2_EE17_M_realloc_insertIJS2_EEEvN9__gnu_cxx17__normal_iteratorIPS2_S4_EEDpOT_
FN:439,_ZNSt6vectorISt10unique_ptrI13PropertyValueSt14default_deleteIS1_EESaIS4_EE17_M_realloc_insertIJS0_I18ADMaterialPropertyIN7libMesh11VectorValueIdEEES2_ISC_EEEEEvN9__gnu_cxx17__normal_iteratorIPS4_S6_EEDpOT_
FN:439,_ZNSt6vectorIP21BVInelasticUpdateBaseSaIS1_EE17_M_realloc_insertIJRKS1_EEEvN9__gnu_cxx17__normal_iteratorIPS1_S3_EEDpOT_
FN:439,_ZNSt6vectorISt10unique_ptrI13PropertyValueSt14default_deleteIS1_EESaIS4_EE17_M_realloc_insertIJS0_I16MaterialPropertyIN7libMesh11VectorValueIdEEES2_ISC_EEEEEvN9__gnu_cxx17__normal_iteratorIPS4_S6_EEDpOT_
FN:439,_ZNSt6vectorISt10unique_ptrI13PropertyValueSt14default_deleteIS1_EESaIS4_EE17_M_realloc_insertIJS0_I18ADMaterialPropertyIdES2_IS9_EEEEEvN9__gnu_cxx17__normal_iteratorIPS4_S6_EEDpOT_
FN:439,_ZNSt6vectorISt10unique_ptrI13PropertyValueSt14default_deleteIS1_EESaIS4_EE17_M_realloc_insertIJS0_I16MaterialPropertyIdES2_IS9_EEEEEvN9__gnu_cxx17__normal_iteratorIPS4_S6_EEDpOT_
FN:439,_ZNSt6vectorIP10BndElementSaIS1_EE17_M_realloc_insertIJS1_EEEvN9__gnu_cxx17__normal_iteratorIPS1_S3_EEDpOT_
FN:523,_ZNSt6vectorISt4pairIbN11MetaPhysicL10DualNumberIdNS1_28SemiDynamicSparseNumberArrayIdmNS1_8NWrapperILm64EEEEELb1EEEESaIS8_EE14_M_fill_insertEN9__gnu_cxx17__normal_iteratorIPS8_SA_EEmRKS8_
FN:523,_ZNSt6vectorISt4pairIbdESaIS1_EE14_M_fill_insertEN9__gnu_cxx17__normal_iteratorIPS1_S3_EEmRKS1_
FN:628,_ZNSt6vectorISt10unique_ptrI13PropertyValueSt14default_deleteIS1_EESaIS4_EE17_M_default_appendEm
FN:628,_ZNSt6vectorIS_ISt4pairIbdESaIS1_EESaIS3_EE17_M_default_appendEm
FN:628,_ZNSt6vectorIPK8FunctionSaIS2_EE17_M_default_appendEm
FN:628,_ZNSt6vectorIS_ISt4pairIbN11MetaPhysicL10DualNumberIdNS1_28SemiDynamicSparseNumberArrayIdmNS1_8NWrapperILm64EEEEELb1EEEESaIS8_EESaISA_EE17_M_default_appendEm
FNDA:0,_ZNSt6vectorISt10unique_ptrI13PropertyValueSt14default_deleteIS1_EESaIS4_EE17_M_realloc_insertIJS0_I16MaterialPropertyIN7libMesh11VectorValueIdEEES2_ISC_EEEEEvN9__gnu_cxx17__normal_iteratorIPS4_S6_EEDpOT_
FNDA:12,_ZNSt6vectorIP21BVInelasticUpdateBaseSaIS1_EE17_M_realloc_insertIJRKS1_EEEvN9__gnu_cxx17__normal_iteratorIPS1_S3_EEDpOT_
FNDA:0,_ZNSt6vectorISt10unique_ptrI13PropertyValueSt14default_deleteIS1_EESaIS4_EE12emplace_backIJS0_I16MaterialPropertyIdES2_IS9_EEEEERS4_DpOT_
FNDA:0,_ZNSt6vectorI21NonlinearVariableNameSaIS0_EEaSERKS2_
FNDA:0,_ZNSt6vectorIS_ISt4pairIbN11MetaPhysicL10DualNumberIdNS1_28SemiDynamicSparseNumberArrayIdmNS1_8NWrapperILm64EEEEELb1EEEESaIS8_EESaISA_EE17_M_default_appendEm
FNDA:0,_ZNSt6vectorISt4pairIbN11MetaPhysicL10DualNumberIdNS1_28SemiDynamicSparseNumberArrayIdmNS1_8NWrapperILm64EEEEELb1EEEESaIS8_EE14_M_fill_insertEN9__gnu_cxx17__normal_iteratorIPS8_SA_EEmRKS8_
FNDA:0,_ZNSt6vectorIP10BndElementSaIS1_EE17_M_realloc_insertIJS1_EEEvN9__gnu_cxx17__normal_iteratorIPS1_S3_EEDpOT_
FNDA:0,_ZNSt6vectorISt4pairIbdESaIS1_EE14_M_fill_insertEN9__gnu_cxx17__normal_iteratorIPS1_S3_EEmRKS1_
FNDA:0,_ZNSt6vectorIP10BndElementSaIS1_EE7reserveEm
FNDA:964,_ZNSt6vectorIP10BndElementSaIS1_EE12emplace_backIJS1_EEERS1_DpOT_
FNDA:0,_ZNSt6vectorISt10unique_ptrI13PropertyValueSt14default_deleteIS1_EESaIS4_EE12emplace_backIJS0_I16MaterialPropertyIN7libMesh11VectorValueIdEEES2_ISC_EEEEERS4_DpOT_
FNDA:0,_ZNSt6vectorISt10unique_ptrI13PropertyValueSt14default_deleteIS1_EESaIS4_EE17_M_realloc_insertIJS0_I16MaterialPropertyIdES2_IS9_EEEEEvN9__gnu_cxx17__normal_iteratorIPS4_S6_EEDpOT_
FNDA:0,_ZNSt6vectorISt10unique_ptrI13PropertyValueSt14default_deleteIS1_EESaIS4_EE17_M_realloc_insertIJS0_I18ADMaterialPropertyIdES2_IS9_EEEEEvN9__gnu_cxx17__normal_iteratorIPS4_S6_EEDpOT_
FNDA:4628,_ZNSt6vectorImSaImEE12emplace_backIJmEEERmDpOT_
FNDA:0,_ZNSt6vectorISt10unique_ptrI13PropertyValueSt14default_deleteIS1_EESaIS4_EE17_M_default_appendEm
FNDA:0,_ZNSt6vectorISt10unique_ptrI13PropertyValueSt14default_deleteIS1_EESaIS4_EE12emplace_backIJS0_I18ADMaterialPropertyIdES2_IS9_EEEEERS4_DpOT_
FNDA:196,_ZNSt6vectorI12FunctionNameSaIS0_EEaSERKS2_
FNDA:0,_ZNSt6vectorI12BoundaryNameSaIS0_EEaSERKS2_
FNDA:0,_ZNSt6vectorI12MaterialNameSaIS0_EEaSERKS2_
FNDA:0,_ZNSt6vectorISt10unique_ptrI13PropertyValueSt14default_deleteIS1_EESaIS4_EE17_M_realloc_insertIJS0_I18ADMaterialPropertyIN7libMesh11VectorValueIdEEES2_ISC_EEEEEvN9__gnu_cxx17__normal_iteratorIPS4_S6_EEDpOT_
FNDA:0,_ZNSt6vectorIS_ISt4pairIbdESaIS1_EESaIS3_EE17_M_default_appendEm
FNDA:0,_ZNSt6vectorISt10unique_ptrI13PropertyValueSt14default_deleteIS1_EESaIS4_EE12emplace_backIJS0_I18ADMaterialPropertyIN7libMesh11VectorValueIdEEES2_ISC_EEEEERS4_DpOT_
FNDA:0,_ZNSt6vectorIPK8FunctionSaIS2_EE17_M_default_appendEm
FNDA:1144,_ZNSt6vectorISt10shared_ptrI17RegistryEntryBaseESaIS2_EE12emplace_backIJS2_EEERS2_DpOT_
FNDA:0,_ZNSt6vectorImSaImEE17_M_realloc_insertIJmEEEvN9__gnu_cxx17__normal_iteratorIPmS1_EEDpOT_
FNDA:0,_ZNSt6vectorISt10shared_ptrI17RegistryEntryBaseESaIS2_EE17_M_realloc_insertIJS2_EEEvN9__gnu_cxx17__normal_iteratorIPS2_S4_EEDpOT_
FNF:26
FNH:5
DA:67,0
DA:70,0
DA:71,0
DA:72,0
DA:80,0
DA:94,0
DA:95,0
DA:96,0
DA:97,0
DA:98,0
DA:100,0
DA:111,6736
DA:114,6736
DA:119,4576
DA:123,2160
DA:125,6736
DA:204,196
DA:207,196
DA:230,196
DA:232,0
DA:234,0
DA:237,0
DA:238,0
DA:239,0
DA:240,0
DA:242,196
DA:249,0
DA:251,0
DA:252,0
DA:256,196
DA:258,196
DA:439,12
DA:449,12
DA:450,12
DA:451,12
DA:462,12
DA:463,12
DA:477,12
DA:514,12
DA:515,12
DA:516,12
DA:517,12
DA:518,12
DA:523,0
DA:526,0
DA:528,0
DA:529,0
DA:537,0
DA:539,0
DA:542,0
DA:546,0
DA:548,0
DA:550,0
DA:556,0
DA:557,0
DA:565,0
DA:574,0
DA:579,0
DA:580,0
DA:586,0
DA:595,0
DA:616,0
DA:617,0
DA:618,0
DA:619,0
DA:622,0
DA:628,0
DA:631,0
DA:634,0
DA:635,0
DA:637,0
DA:638,0
DA:640,0
DA:643,0
DA:656,0
DA:662,0
DA:670,0
DA:698,0
DA:699,0
DA:700,0
DA:701,0
DA:704,0
LF:82
LH:23
end_of_record
TN:
SF:/usr/share/miniconda3/envs/moose/x86_64-conda-linux-gnu/include/c++/12.3.0/complex
FNF:0
FNH:0
DA:1844,129077
LF:1
LH:1
end_of_record
TN:
SF:/usr/share/miniconda3/envs/moose/x86_64-conda-linux-gnu/include/c++/12.3.0/ext/aligned_buffer.h
FNF:0
FNH:0
DA:65,1683
DA:69,1187
DA:104,1164
LF:3
LH:3
end_of_record
TN:
SF:/usr/share/miniconda3/envs/moose/x86_64-conda-linux-gnu/include/c++/12.3.0/ext/atomicity.h
FNF:0
FNH:0
DA:66,1446
DA:71,1144
DA:84,0
DA:85,0
DA:92,0
DA:98,1446
DA:99,0
DA:101,1446
DA:108,1144
LF:9
LH:5
end_of_record
TN:
SF:/usr/share/miniconda3/envs/moose/x86_64-conda-linux-gnu/include/c++/12.3.0/future
FN:342,_ZNSt13__future_base13_State_baseV2D0Ev
FN:342,_ZNSt13__future_base13_State_baseV2D2Ev
FN:596,_ZNSt13__future_base13_State_baseV217_M_complete_asyncEv
FN:599,_ZNKSt13__future_base13_State_baseV221_M_is_deferred_futureEv
FN:670,_ZNSt13__future_base7_ResultIvE10_M_destroyEv
FNDA:0,_ZNKSt13__future_base13_State_baseV221_M_is_deferred_futureEv
FNDA:0,_ZNSt13__future_base13_State_baseV217_M_complete_asyncEv
FNDA:0,_ZNSt13__future_base13_State_baseV2D2Ev
FNDA:0,_ZNSt13__future_base7_ResultIvE10_M_destroyEv
FNDA:0,_ZNSt13__future_base13_State_baseV2D0Ev
FNF:5
FNH:0
DA:227,0
DA:342,0
DA:596,0
DA:599,0
DA:670,0
LF:5
LH:0
end_of_record
TN:
SF:/usr/share/miniconda3/envs/moose/x86_64-conda-linux-gnu/include/c++/12.3.0/initializer_list
FNF:0
FNH:0
DA:71,602
DA:79,602
LF:2
LH:2
end_of_record
TN:
SF:/usr/share/miniconda3/envs/moose/x86_64-conda-linux-gnu/include/c++/12.3.0/istream
FNF:0
FNH:0
DA:219,0
LF:1
LH:0
end_of_record
TN:
SF:/usr/share/miniconda3/envs/moose/x86_64-conda-linux-gnu/include/c++/12.3.0/ostream
FNF:0
FNH:0
DA:113,0
DA:175,0
DA:185,0
DA:196,0
DA:221,0
DA:246,0
LF:6
LH:0
end_of_record
TN:
SF:/usr/share/miniconda3/envs/moose/x86_64-conda-linux-gnu/include/c++/12.3.0/sstream
FNF:0
FNH:0
DA:918,0
DA:1137,0
LF:2
LH:0
end_of_record
TN:
SF:/usr/share/miniconda3/envs/moose/x86_64-conda-linux-gnu/include/c++/12.3.0/string_view
FN:317,_ZNKSt17basic_string_viewIcSt11char_traitsIcEE7compareES2_
FNDA:1050,_ZNKSt17basic_string_viewIcSt11char_traitsIcEE7compareES2_
FNF:1
FNH:1
DA:133,0
DA:134,0
DA:135,0
DA:317,1050
DA:319,1050
DA:320,1050
DA:321,1050
DA:323,1050
DA:508,0
DA:509,0
DA:511,0
DA:513,0
DA:603,154
DA:609,896
DA:674,0
LF:15
LH:7
end_of_record
TN:
SF:/usr/share/miniconda3/envs/moose/x86_64-conda-linux-gnu/include/c++/12.3.0/tuple
FN:1476,_ZNSt15__tuple_compareISt5tupleIJPK8FaceInfoN5Moose2FV11LimiterTypeEbbPKN7libMesh4ElemEEESB_Lm0ELm5EE6__lessERKSB_SE_
FN:1476,_ZNSt15__tuple_compareISt5tupleIJPK8FaceInfoN5Moose2FV11LimiterTypeEbbPKN7libMesh4ElemEEESB_Lm1ELm5EE6__lessERKSB_SE_
FN:1476,_ZNSt15__tuple_compareISt5tupleIJPK8FaceInfoN5Moose2FV11LimiterTypeEbbPKN7libMesh4ElemEEESB_Lm2ELm5EE6__lessERKSB_SE_
FN:1814,_ZNSt4pairIKNSt7__cxx1112basic_stringIcSt11char_traitsIcESaIcEEEN15InputParameters8MetadataEEC2IJRS6_EJLm0EEJEJEEERSt5tupleIJDpT_EERSC_IJDpT1_EESt12_Index_tupleIJXspT0_EEESL_IJXspT2_EEE
FNDA:0,_ZNSt15__tuple_compareISt5tupleIJPK8FaceInfoN5Moose2FV11LimiterTypeEbbPKN7libMesh4ElemEEESB_Lm0ELm5EE6__lessERKSB_SE_
FNDA:0,_ZNSt15__tuple_compareISt5tupleIJPK8FaceInfoN5Moose2FV11LimiterTypeEbbPKN7libMesh4ElemEEESB_Lm2ELm5EE6__lessERKSB_SE_
FNDA:0,_ZNSt15__tuple_compareISt5tupleIJPK8FaceInfoN5Moose2FV11LimiterTypeEbbPKN7libMesh4ElemEEESB_Lm1ELm5EE6__lessERKSB_SE_
FNDA:154,_ZNSt4pairIKNSt7__cxx1112basic_stringIcSt11char_traitsIcESaIcEEEN15InputParameters8MetadataEEC2IJRS6_EJLm0EEJEJEEERSt5tupleIJDpT_EERSC_IJDpT1_EESt12_Index_tupleIJXspT0_EEESL_IJXspT2_EEE
FNF:4
FNH:1
DA:124,0
DA:187,0
DA:189,159
DA:190,260
DA:192,399
DA:193,399
DA:199,0
DA:200,2015
DA:233,154
DA:301,10
DA:454,154
DA:456,1999
DA:609,0
DA:1476,0
DA:1478,0
DA:1479,0
DA:1480,0
DA:1546,0
DA:1802,154
DA:1807,154
DA:1814,1999
DA:1817,1504
DA:1818,154
DA:1819,154
LF:24
LH:15
end_of_record
TN:
SF:/usr/share/miniconda3/envs/moose/x86_64-conda-linux-gnu/include/c++/12.3.0/typeinfo
FN:193,_ZNKSt9type_infoeqERKS_
FNDA:0,_ZNKSt9type_infoeqERKS_
FNF:1
FNH:0
DA:104,26
DA:193,0
DA:198,0
DA:206,0
LF:4
LH:1
end_of_record
TN:
SF:/usr/share/miniconda3/envs/moose/x86_64-conda-linux-gnu/include/c++/12.3.0/x86_64-conda-linux-gnu/bits/gthr-default.h
FNF:0
FNH:0
DA:748,0
DA:749,0
DA:778,0
DA:779,0
LF:4
LH:0
end_of_record
